UTP15-A1CF        4
UTP15-ABI1        4
UTP15-ABL1        3
UTP15-ABL2        4
UTP15-ACKR3       4
UTP15-ACSL3       3
UTP15-ACSL6       3
UTP15-ACVR1       3
UTP15-ACVR2A      3
UTP15-AFF1        3
UTP15-AFF3        4
UTP15-AFF4        3
UTP15-AKAP9       3
UTP15-AKT1        3
UTP15-AKT2        3
UTP15-AKT3        3
UTP15-ALDH2       4
UTP15-ALK         4
UTP15-AMER1       4
UTP15-ANK1        4
UTP15-APC         3
UTP15-APOBEC3B    4
UTP15-AR          3
UTP15-ARAF        2
UTP15-ARHGAP26    3
UTP15-ARHGAP5     3
UTP15-ARHGEF10    4
UTP15-ARHGEF10L   4
UTP15-ARHGEF12    4
UTP15-ARID1A      3
UTP15-ARID1B      4
UTP15-ARID2       3
UTP15-ARNT        3
UTP15-ASPSCR1     3
UTP15-ASXL1       3
UTP15-ASXL2       4
UTP15-ATF1        3
UTP15-ATIC        3
UTP15-ATM         3
UTP15-ATP1A1      4
UTP15-ATP2B3      4
UTP15-ATR         3
UTP15-ATRX        3
UTP15-AXIN1       3
UTP15-AXIN2       3
UTP15-B2M         3
UTP15-BAP1        3
UTP15-BARD1       3
UTP15-BAX         3
UTP15-BAZ1A       4
UTP15-BCL10       3
UTP15-BCL11A      3
UTP15-BCL11B      4
UTP15-BCL2        3
UTP15-BCL2L12     3
UTP15-BCL3        3
UTP15-BCL6        2
UTP15-BCL7A       4
UTP15-BCL9        4
UTP15-BCL9L       3
UTP15-BCLAF1      3
UTP15-BCOR        3
UTP15-BCORL1      4
UTP15-BCR         3
UTP15-BIRC3       3
UTP15-BIRC6       3
UTP15-BLM         3
UTP15-BMP5        3
UTP15-BMPR1A      3
UTP15-BRAF        3
UTP15-BRCA1       2
UTP15-BRCA2       3
UTP15-BRD3        3
UTP15-BRD4        3
UTP15-BRIP1       3
UTP15-BTG1        3
UTP15-BTK         2
UTP15-BUB1B       3
UTP15-CACNA1D     3
UTP15-CALR        3
UTP15-CAMTA1      4
UTP15-CANT1       3
UTP15-CARD11      3
UTP15-CARS        3
UTP15-CASP3       3
UTP15-CASP8       3
UTP15-CASP9       3
UTP15-CBFA2T3     3
UTP15-CBFB        3
UTP15-CBL         3
UTP15-CBLB        3
UTP15-CBLC        4
UTP15-CCDC6       3
UTP15-CCNB1IP1    3
UTP15-CCNC        3
UTP15-CCND1       3
UTP15-CCND2       3
UTP15-CCND3       3
UTP15-CCNE1       3
UTP15-CCR4        4
UTP15-CCR7        4
UTP15-CD209       4
UTP15-CD274       4
UTP15-CD28        4
UTP15-CD74        3
UTP15-CD79A       3
UTP15-CD79B       3
UTP15-CDC73       3
UTP15-CDH1        3
UTP15-CDH10       4
UTP15-CDH11       4
UTP15-CDH17       4
UTP15-CDK12       3
UTP15-CDK4        3
UTP15-CDK6        2
UTP15-CDKN1A      3
UTP15-CDKN1B      3
UTP15-CDKN2A      3
UTP15-CDKN2C      3
UTP15-CDX2        3
UTP15-CEBPA       3
UTP15-CHCHD7      3
UTP15-CHD2        2
UTP15-CHD4        3
UTP15-CHEK2       3
UTP15-CHIC2       3
UTP15-CHST11      4
UTP15-CIC         4
UTP15-CIITA       3
UTP15-CLIP1       3
UTP15-CLP1        3
UTP15-CLTC        3
UTP15-CLTCL1      4
UTP15-CNBP        3
UTP15-CNOT3       4
UTP15-CNTNAP2     4
UTP15-CNTRL       4
UTP15-COL1A1      3
UTP15-COL2A1      4
UTP15-COL3A1      3
UTP15-COX6C       3
UTP15-CPEB3       5
UTP15-CREB1       3
UTP15-CREB3L1     3
UTP15-CREB3L2     3
UTP15-CREBBP      3
UTP15-CRLF2       4
UTP15-CRNKL1      4
UTP15-CRTC1       3
UTP15-CRTC3       4
UTP15-CSF1R       3
UTP15-CSF3R       4
UTP15-CSMD3       4
UTP15-CTCF        2
UTP15-CTNNA2      4
UTP15-CTNNB1      3
UTP15-CTNND1      3
UTP15-CTNND2      3
UTP15-CUL3        3
UTP15-CUX1        3
UTP15-CXCR4       3
UTP15-CYLD        3
UTP15-CYP2C8      3
UTP15-CYSLTR2     4
UTP15-DAXX        3
UTP15-DCC         3
UTP15-DCTN1       3
UTP15-DDB2        3
UTP15-DDIT3       3
UTP15-DDR2        3
UTP15-DDX10       3
UTP15-DDX3X       3
UTP15-DDX5        3
UTP15-DDX6        3
UTP15-DEK         3
UTP15-DGCR8       3
UTP15-DICER1      4
UTP15-DNAJB1      3
UTP15-DNM2        3
UTP15-DNMT3A      3
UTP15-DROSHA      4
UTP15-EBF1        3
UTP15-EED         3
UTP15-EGFR        3
UTP15-EIF1AX      4
UTP15-EIF3E       3
UTP15-EIF4A2      3
UTP15-ELF3        3
UTP15-ELF4        4
UTP15-ELK4        3
UTP15-ELL         3
UTP15-ELN         3
UTP15-EML4        4
UTP15-EP300       2
UTP15-EPAS1       3
UTP15-EPHA3       3
UTP15-EPHA7       3
UTP15-EPS15       4
UTP15-ERBB2       3
UTP15-ERBB3       3
UTP15-ERBB4       4
UTP15-ERC1        3
UTP15-ERCC2       3
UTP15-ERCC3       3
UTP15-ERCC4       3
UTP15-ERCC5       3
UTP15-ERG         4
UTP15-ESR1        3
UTP15-ETNK1       3
UTP15-ETV1        3
UTP15-ETV4        3
UTP15-ETV5        3
UTP15-ETV6        4
UTP15-EWSR1       3
UTP15-EXT1        4
UTP15-EXT2        3
UTP15-EZH2        3
UTP15-EZR         4
UTP15-FAM135B     4
UTP15-FANCA       3
UTP15-FANCC       3
UTP15-FANCD2      3
UTP15-FANCE       3
UTP15-FANCF       3
UTP15-FANCG       3
UTP15-FAS         3
UTP15-FAT1        4
UTP15-FAT3        4
UTP15-FAT4        4
UTP15-FBLN2       4
UTP15-FBXO11      4
UTP15-FBXW7       3
UTP15-FCGR2B      4
UTP15-FEN1        3
UTP15-FES         3
UTP15-FEV         3
UTP15-FGFR1       2
UTP15-FGFR1OP     3
UTP15-FGFR2       2
UTP15-FGFR3       3
UTP15-FGFR4       3
UTP15-FH          4
UTP15-FHIT        4
UTP15-FIP1L1      3
UTP15-FLCN        3
UTP15-FLI1        3
UTP15-FLNA        3
UTP15-FLT3        4
UTP15-FLT4        4
UTP15-FNBP1       4
UTP15-FOXA1       2
UTP15-FOXL2       4
UTP15-FOXO1       3
UTP15-FOXO3       3
UTP15-FOXO4       3
UTP15-FOXP1       3
UTP15-FOXR1       4
UTP15-FSTL3       4
UTP15-FUBP1       3
UTP15-FUS         3
UTP15-GAS7        3
UTP15-GATA1       3
UTP15-GATA2       3
UTP15-GATA3       3
UTP15-GLI1        3
UTP15-GMPS        3
UTP15-GNA11       4
UTP15-GNAQ        3
UTP15-GNAS        3
UTP15-GOLGA5      2
UTP15-GOPC        3
UTP15-GPC3        4
UTP15-GPC5        3
UTP15-GPHN        4
UTP15-GRIN2A      3
UTP15-GRM3        4
UTP15-H3F3A       3
UTP15-H3F3B       3
UTP15-HERPUD1     3
UTP15-HEY1        3
UTP15-HIF1A       3
UTP15-HIP1        3
UTP15-HIST1H3B    3
UTP15-HIST1H4I    3
UTP15-HLA-A       4
UTP15-HLF         4
UTP15-HMGA1       3
UTP15-HMGA2       3
UTP15-HNF1A       3
UTP15-HNRNPA2B1   3
UTP15-HOOK3       4
UTP15-HOXA11      3
UTP15-HOXA13      4
UTP15-HOXA9       3
UTP15-HOXC11      4
UTP15-HOXC13      3
UTP15-HOXD11      4
UTP15-HOXD13      4
UTP15-HRAS        3
UTP15-HSP90AA1    3
UTP15-HSP90AB1    3
UTP15-ID3         4
UTP15-IDH1        3
UTP15-IDH2        4
UTP15-IGF2BP2     3
UTP15-IKBKB       3
UTP15-IKZF1       3
UTP15-IL2         3
UTP15-IL21R       4
UTP15-IL6ST       3
UTP15-IL7R        3
UTP15-IRF4        3
UTP15-IRS4        3
UTP15-ITGAV       3
UTP15-ITK         3
UTP15-JAK1        3
UTP15-JAK2        3
UTP15-JAK3        3
UTP15-JAZF1       3
UTP15-JUN         3
UTP15-KAT6A       4
UTP15-KAT6B       4
UTP15-KAT7        4
UTP15-KCNJ5       4
UTP15-KDM5A       3
UTP15-KDM5C       3
UTP15-KDM6A       3
UTP15-KDR         3
UTP15-KDSR        4
UTP15-KEAP1       3
UTP15-KIAA1549    3
UTP15-KIF5B       3
UTP15-KIT         3
UTP15-KLF4        3
UTP15-KLF6        2
UTP15-KLK2        4
UTP15-KMT2C       4
UTP15-KMT2D       4
UTP15-KNSTRN      5
UTP15-KRAS        3
UTP15-KTN1        4
UTP15-LARP4B      4
UTP15-LASP1       3
UTP15-LATS1       2
UTP15-LATS2       3
UTP15-LCK         3
UTP15-LCP1        3
UTP15-LEF1        3
UTP15-LEPROTL1    5
UTP15-LIFR        4
UTP15-LMNA        3
UTP15-LMO1        3
UTP15-LMO2        3
UTP15-LPP         3
UTP15-LRP1B       4
UTP15-LYL1        3
UTP15-LZTR1       3
UTP15-MACC1       3
UTP15-MAF         3
UTP15-MAFB        3
UTP15-MALAT1      3
UTP15-MALT1       4
UTP15-MAML2       3
UTP15-MAP2K1      3
UTP15-MAP2K2      3
UTP15-MAP2K4      3
UTP15-MAP3K1      3
UTP15-MAP3K13     3
UTP15-MAPK1       3
UTP15-MAX         2
UTP15-MDM2        3
UTP15-MDM4        3
UTP15-MDS2        4
UTP15-MECOM       3
UTP15-MED12       3
UTP15-MEN1        3
UTP15-MET         3
UTP15-MGMT        3
UTP15-MITF        3
UTP15-MLF1        3
UTP15-MLH1        3
UTP15-MLLT1       3
UTP15-MLLT10      3
UTP15-MLLT11      3
UTP15-MLLT3       3
UTP15-MLLT6       3
UTP15-MN1         4
UTP15-MNX1        4
UTP15-MPL         4
UTP15-MSH2        3
UTP15-MSH6        3
UTP15-MSI2        3
UTP15-MSN         3
UTP15-MTCP1       3
UTP15-MTOR        3
UTP15-MUC1        3
UTP15-MUC16       4
UTP15-MUC4        4
UTP15-MUTYH       3
UTP15-MYB         3
UTP15-MYC         2
UTP15-MYCN        3
UTP15-MYD88       3
UTP15-MYH11       3
UTP15-MYH9        4
UTP15-MYO5A       4
UTP15-MYOD1       3
UTP15-N4BP2       3
UTP15-NAB2        3
UTP15-NACA        3
UTP15-NBEA        4
UTP15-NBN         3
UTP15-NCKIPSD     3
UTP15-NCOA1       3
UTP15-NCOA2       3
UTP15-NCOA4       3
UTP15-NCOR1       3
UTP15-NCOR2       3
UTP15-NDRG1       3
UTP15-NF1         4
UTP15-NF2         3
UTP15-NFATC2      3
UTP15-NFE2L2      3
UTP15-NFIB        4
UTP15-NFKB2       3
UTP15-NFKBIE      4
UTP15-NIN         3
UTP15-NKX2-1      3
UTP15-NONO        3
UTP15-NOTCH1      3
UTP15-NOTCH2      4
UTP15-NPM1        3
UTP15-NR4A3       4
UTP15-NRAS        3
UTP15-NRG1        3
UTP15-NSD1        4
UTP15-NT5C2       2
UTP15-NTHL1       3
UTP15-NTRK1       4
UTP15-NTRK3       3
UTP15-NUMA1       4
UTP15-NUP214      3
UTP15-NUP98       3
UTP15-OLIG2       3
UTP15-OMD         5
UTP15-P2RY8       4
UTP15-PABPC1      4
UTP15-PAFAH1B2    4
UTP15-PALB2       3
UTP15-PATZ1       4
UTP15-PAX3        4
UTP15-PAX5        3
UTP15-PAX7        4
UTP15-PAX8        3
UTP15-PBRM1       3
UTP15-PBX1        3
UTP15-PCBP1       3
UTP15-PCM1        3
UTP15-PDCD1LG2    4
UTP15-PDE4DIP     3
UTP15-PDGFB       3
UTP15-PDGFRA      2
UTP15-PDGFRB      3
UTP15-PER1        3
UTP15-PHOX2B      4
UTP15-PICALM      3
UTP15-PIK3CA      3
UTP15-PIK3CB      3
UTP15-PIK3R1      3
UTP15-PIM1        3
UTP15-PLAG1       4
UTP15-PLCG1       3
UTP15-PML         3
UTP15-PMS1        3
UTP15-PMS2        3
UTP15-POLD1       3
UTP15-POLE        3
UTP15-POLG        3
UTP15-POLQ        4
UTP15-POT1        3
UTP15-POU2AF1     3
UTP15-POU5F1      3
UTP15-PPARG       3
UTP15-PPFIBP1     3
UTP15-PPM1D       3
UTP15-PPP2R1A     3
UTP15-PPP6C       3
UTP15-PRCC        3
UTP15-PRDM1       3
UTP15-PRDM16      4
UTP15-PRDM2       3
UTP15-PREX2       4
UTP15-PRF1        4
UTP15-PRKACA      2
UTP15-PRKAR1A     3
UTP15-PRKCB       3
UTP15-PRPF40B     4
UTP15-PRRX1       3
UTP15-PSIP1       3
UTP15-PTCH1       4
UTP15-PTEN        3
UTP15-PTK6        3
UTP15-PTPN11      3
UTP15-PTPN13      3
UTP15-PTPN6       3
UTP15-PTPRB       4
UTP15-PTPRC       3
UTP15-PTPRD       4
UTP15-PTPRK       4
UTP15-PTPRT       5
UTP15-PWWP2A      4
UTP15-QKI         3
UTP15-RABEP1      3
UTP15-RAC1        3
UTP15-RAD17       3
UTP15-RAD21       3
UTP15-RAF1        3
UTP15-RALGDS      3
UTP15-RANBP2      3
UTP15-RAP1GDS1    4
UTP15-RARA        3
UTP15-RB1         3
UTP15-RBM10       3
UTP15-RBM15       3
UTP15-RECQL4      3
UTP15-REL         3
UTP15-RET         3
UTP15-RFWD3       3
UTP15-RGS7        4
UTP15-RHOA        3
UTP15-RHOH        4
UTP15-RMI2        4
UTP15-RNF213      4
UTP15-RNF43       3
UTP15-ROBO2       4
UTP15-ROS1        4
UTP15-RPL10       3
UTP15-RPL22       3
UTP15-RPL5        3
UTP15-RPN1        3
UTP15-RSPO2       4
UTP15-RSPO3       5
UTP15-RUNX1       3
UTP15-RUNX1T1     3
UTP15-S100A7      4
UTP15-SALL4       3
UTP15-SBDS        3
UTP15-SDC4        3
UTP15-SDHA        3
UTP15-SDHAF2      3
UTP15-SDHB        4
UTP15-SDHC        4
UTP15-SDHD        3
UTP15-SEPT5       3
UTP15-SEPT6       4
UTP15-SEPT9       3
UTP15-SET         3
UTP15-SETBP1      3
UTP15-SETD1B      3
UTP15-SETD2       4
UTP15-SETDB1      3
UTP15-SF3B1       3
UTP15-SFPQ        3
UTP15-SFRP4       4
UTP15-SGK1        3
UTP15-SH2B3       3
UTP15-SH3GL1      3
UTP15-SIRPA       4
UTP15-SIX1        3
UTP15-SIX2        4
UTP15-SKI         3
UTP15-SLC34A2     4
UTP15-SLC45A3     4
UTP15-SMAD2       3
UTP15-SMAD3       3
UTP15-SMAD4       3
UTP15-SMARCA4     3
UTP15-SMARCB1     3
UTP15-SMARCD1     3
UTP15-SMARCE1     3
UTP15-SMC1A       3
UTP15-SMO         3
UTP15-SND1        3
UTP15-SOCS1       3
UTP15-SOX2        3
UTP15-SPEN        3
UTP15-SPOP        3
UTP15-SRC         3
UTP15-SRGAP3      4
UTP15-SRSF2       3
UTP15-SRSF3       3
UTP15-SS18        3
UTP15-SS18L1      3
UTP15-SSX1        5
UTP15-SSX2        3
UTP15-SSX4        3
UTP15-STAG1       3
UTP15-STAG2       3
UTP15-STAT3       3
UTP15-STAT5B      3
UTP15-STAT6       3
UTP15-STIL        4
UTP15-STK11       3
UTP15-STRN        4
UTP15-SUFU        3
UTP15-SUZ12       3
UTP15-SYK         3
UTP15-TAF15       3
UTP15-TAL1        3
UTP15-TAL2        4
UTP15-TBL1XR1     3
UTP15-TBX3        3
UTP15-TCEA1       3
UTP15-TCF12       3
UTP15-TCF3        3
UTP15-TCF7L2      3
UTP15-TCL1A       4
UTP15-TEC         3
UTP15-TERT        3
UTP15-TET2        4
UTP15-TFE3        3
UTP15-TFEB        4
UTP15-TFG         2
UTP15-TFPT        3
UTP15-TFRC        3
UTP15-TGFBR2      3
UTP15-THRAP3      3
UTP15-TLX1        4
UTP15-TLX3        3
UTP15-TMEM127     3
UTP15-TMPRSS2     4
UTP15-TNC         3
UTP15-TNFAIP3     3
UTP15-TNFRSF14    3
UTP15-TNFRSF17    3
UTP15-TOP1        3
UTP15-TP53        3
UTP15-TP63        3
UTP15-TPM3        3
UTP15-TPM4        3
UTP15-TPR         3
UTP15-TRAF7       3
UTP15-TRIM24      3
UTP15-TRIM27      3
UTP15-TRIM33      3
UTP15-TRIP11      4
UTP15-TRRAP       3
UTP15-TSC1        3
UTP15-TSC2        3
UTP15-TSHR        4
UTP15-U2AF1       3
UTP15-UBR5        3
UTP15-USP44       3
UTP15-USP6        4
UTP15-USP8        3
UTP15-VAV1        3
UTP15-VHL         3
UTP15-VTI1A       3
UTP15-WAS         3
UTP15-WIF1        3
UTP15-WNK2        4
UTP15-WRN         3
UTP15-WT1         3
UTP15-WWTR1       3
UTP15-XPA         3
UTP15-XPC         3
UTP15-XPO1        3
UTP15-YWHAE       3
UTP15-ZBTB16      3
UTP15-ZCCHC8      3
UTP15-ZEB1        3
UTP15-ZFHX3       3
UTP15-ZMYM2       4
UTP15-ZMYM3       3
UTP15-ZNF331      3
UTP15-ZNF384      3
UTP15-ZNF429      5
UTP15-ZNF521      3
UTP15-ZNRF3       4
HNRPC-A1CF        3
HNRPC-ABI1        3
HNRPC-ABL1        2
HNRPC-ABL2        2
HNRPC-ACKR3       3
HNRPC-ACSL3       3
HNRPC-ACSL6       3
HNRPC-ACVR1       3
HNRPC-ACVR2A      3
HNRPC-AFF1        3
HNRPC-AFF3        4
HNRPC-AFF4        3
HNRPC-AKAP9       3
HNRPC-AKT1        2
HNRPC-AKT2        3
HNRPC-AKT3        3
HNRPC-ALDH2       3
HNRPC-ALK         2
HNRPC-AMER1       3
HNRPC-ANK1        3
HNRPC-APC         3
HNRPC-APOBEC3B    3
HNRPC-AR          2
HNRPC-ARAF        2
HNRPC-ARHGAP26    3
HNRPC-ARHGAP5     3
HNRPC-ARHGEF10    4
HNRPC-ARHGEF10L   4
HNRPC-ARHGEF12    3
HNRPC-ARID1A      3
HNRPC-ARID1B      3
HNRPC-ARID2       3
HNRPC-ARNT        2
HNRPC-ASPSCR1     2
HNRPC-ASXL1       3
HNRPC-ASXL2       3
HNRPC-ATF1        3
HNRPC-ATIC        3
HNRPC-ATM         2
HNRPC-ATP1A1      3
HNRPC-ATP2B3      3
HNRPC-ATR         3
HNRPC-ATRX        3
HNRPC-AXIN1       2
HNRPC-AXIN2       3
HNRPC-B2M         3
HNRPC-BAP1        3
HNRPC-BARD1       3
HNRPC-BAX         3
HNRPC-BAZ1A       3
HNRPC-BCL10       3
HNRPC-BCL11A      3
HNRPC-BCL11B      3
HNRPC-BCL2        2
HNRPC-BCL2L12     3
HNRPC-BCL3        2
HNRPC-BCL6        2
HNRPC-BCL7A       3
HNRPC-BCL9        3
HNRPC-BCL9L       3
HNRPC-BCLAF1      2
HNRPC-BCOR        3
HNRPC-BCORL1      3
HNRPC-BCR         2
HNRPC-BIRC3       2
HNRPC-BIRC6       3
HNRPC-BLM         2
HNRPC-BMP5        3
HNRPC-BMPR1A      3
HNRPC-BRAF        2
HNRPC-BRCA1       2
HNRPC-BRCA2       3
HNRPC-BRD3        2
HNRPC-BRD4        3
HNRPC-BRIP1       3
HNRPC-BTG1        3
HNRPC-BTK         2
HNRPC-BUB1B       3
HNRPC-CACNA1D     3
HNRPC-CALR        3
HNRPC-CAMTA1      3
HNRPC-CANT1       3
HNRPC-CARD11      3
HNRPC-CARS        3
HNRPC-CASP3       3
HNRPC-CASP8       3
HNRPC-CASP9       3
HNRPC-CBFA2T3     3
HNRPC-CBFB        3
HNRPC-CBL         2
HNRPC-CBLB        2
HNRPC-CBLC        2
HNRPC-CCDC6       3
HNRPC-CCNB1IP1    3
HNRPC-CCNC        3
HNRPC-CCND1       3
HNRPC-CCND2       3
HNRPC-CCND3       2
HNRPC-CCNE1       3
HNRPC-CCR4        3
HNRPC-CCR7        3
HNRPC-CD209       3
HNRPC-CD274       3
HNRPC-CD28        2
HNRPC-CD74        3
HNRPC-CD79A       2
HNRPC-CD79B       2
HNRPC-CDC73       3
HNRPC-CDH1        3
HNRPC-CDH10       3
HNRPC-CDH11       3
HNRPC-CDH17       3
HNRPC-CDK12       2
HNRPC-CDK4        3
HNRPC-CDK6        3
HNRPC-CDKN1A      2
HNRPC-CDKN1B      2
HNRPC-CDKN2A      3
HNRPC-CDKN2C      3
HNRPC-CDX2        3
HNRPC-CEBPA       3
HNRPC-CHCHD7      4
HNRPC-CHD2        3
HNRPC-CHD4        3
HNRPC-CHEK2       3
HNRPC-CHIC2       3
HNRPC-CHST11      3
HNRPC-CIC         3
HNRPC-CIITA       3
HNRPC-CLIP1       3
HNRPC-CLP1        3
HNRPC-CLTC        3
HNRPC-CLTCL1      3
HNRPC-CNBP        3
HNRPC-CNOT3       3
HNRPC-CNTNAP2     4
HNRPC-CNTRL       3
HNRPC-COL1A1      2
HNRPC-COL2A1      3
HNRPC-COL3A1      3
HNRPC-COX6C       2
HNRPC-CPEB3       5
HNRPC-CREB1       2
HNRPC-CREB3L1     3
HNRPC-CREB3L2     3
HNRPC-CREBBP      3
HNRPC-CRLF2       3
HNRPC-CRNKL1      4
HNRPC-CRTC1       3
HNRPC-CRTC3       4
HNRPC-CSF1R       2
HNRPC-CSF3R       2
HNRPC-CSMD3       3
HNRPC-CTCF        3
HNRPC-CTNNA2      3
HNRPC-CTNNB1      2
HNRPC-CTNND1      3
HNRPC-CTNND2      3
HNRPC-CUL3        3
HNRPC-CUX1        3
HNRPC-CXCR4       3
HNRPC-CYLD        3
HNRPC-CYP2C8      3
HNRPC-CYSLTR2     3
HNRPC-DAXX        2
HNRPC-DCC         3
HNRPC-DCTN1       2
HNRPC-DDB2        3
HNRPC-DDIT3       3
HNRPC-DDR2        3
HNRPC-DDX10       3
HNRPC-DDX3X       2
HNRPC-DDX5        2
HNRPC-DDX6        3
HNRPC-DEK         3
HNRPC-DGCR8       3
HNRPC-DICER1      3
HNRPC-DNAJB1      3
HNRPC-DNM2        2
HNRPC-DNMT3A      2
HNRPC-DROSHA      3
HNRPC-EBF1        3
HNRPC-EED         3
HNRPC-EGFR        2
HNRPC-EIF1AX      3
HNRPC-EIF3E       3
HNRPC-EIF4A2      3
HNRPC-ELF3        3
HNRPC-ELF4        3
HNRPC-ELK4        3
HNRPC-ELL         3
HNRPC-ELN         3
HNRPC-EML4        3
HNRPC-EP300       2
HNRPC-EPAS1       3
HNRPC-EPHA3       3
HNRPC-EPHA7       3
HNRPC-EPS15       2
HNRPC-ERBB2       2
HNRPC-ERBB3       2
HNRPC-ERBB4       2
HNRPC-ERC1        3
HNRPC-ERCC2       3
HNRPC-ERCC3       3
HNRPC-ERCC4       3
HNRPC-ERCC5       3
HNRPC-ERG         3
HNRPC-ESR1        2
HNRPC-ETNK1       3
HNRPC-ETV1        3
HNRPC-ETV4        3
HNRPC-ETV5        3
HNRPC-ETV6        2
HNRPC-EWSR1       2
HNRPC-EXT1        3
HNRPC-EXT2        3
HNRPC-EZH2        2
HNRPC-EZR         3
HNRPC-FAM135B     4
HNRPC-FANCA       3
HNRPC-FANCC       3
HNRPC-FANCD2      3
HNRPC-FANCE       3
HNRPC-FANCF       3
HNRPC-FANCG       3
HNRPC-FAS         2
HNRPC-FAT1        4
HNRPC-FAT3        4
HNRPC-FAT4        4
HNRPC-FBLN2       3
HNRPC-FBXO11      3
HNRPC-FBXW7       3
HNRPC-FCGR2B      3
HNRPC-FEN1        3
HNRPC-FES         3
HNRPC-FEV         3
HNRPC-FGFR1       2
HNRPC-FGFR1OP     3
HNRPC-FGFR2       2
HNRPC-FGFR3       2
HNRPC-FGFR4       3
HNRPC-FH          3
HNRPC-FHIT        2
HNRPC-FIP1L1      3
HNRPC-FLCN        3
HNRPC-FLI1        3
HNRPC-FLNA        3
HNRPC-FLT3        2
HNRPC-FLT4        2
HNRPC-FNBP1       3
HNRPC-FOXA1       3
HNRPC-FOXL2       3
HNRPC-FOXO1       3
HNRPC-FOXO3       3
HNRPC-FOXO4       2
HNRPC-FOXP1       3
HNRPC-FOXR1       4
HNRPC-FSTL3       3
HNRPC-FUBP1       3
HNRPC-FUS         3
HNRPC-GAS7        3
HNRPC-GATA1       3
HNRPC-GATA2       3
HNRPC-GATA3       2
HNRPC-GLI1        3
HNRPC-GMPS        3
HNRPC-GNA11       3
HNRPC-GNAQ        3
HNRPC-GNAS        3
HNRPC-GOLGA5      3
HNRPC-GOPC        3
HNRPC-GPC3        3
HNRPC-GPC5        3
HNRPC-GPHN        3
HNRPC-GRIN2A      3
HNRPC-GRM3        3
HNRPC-H3F3A       3
HNRPC-H3F3B       3
HNRPC-HERPUD1     3
HNRPC-HEY1        3
HNRPC-HIF1A       3
HNRPC-HIP1        3
HNRPC-HIST1H3B    3
HNRPC-HIST1H4I    3
HNRPC-HLA-A       3
HNRPC-HLF         3
HNRPC-HMGA1       3
HNRPC-HMGA2       3
HNRPC-HNF1A       3
HNRPC-HNRNPA2B1   3
HNRPC-HOOK3       4
HNRPC-HOXA11      3
HNRPC-HOXA13      3
HNRPC-HOXA9       3
HNRPC-HOXC11      3
HNRPC-HOXC13      3
HNRPC-HOXD11      3
HNRPC-HOXD13      3
HNRPC-HRAS        2
HNRPC-HSP90AA1    3
HNRPC-HSP90AB1    3
HNRPC-ID3         3
HNRPC-IDH1        3
HNRPC-IDH2        3
HNRPC-IGF2BP2     3
HNRPC-IKBKB       3
HNRPC-IKZF1       2
HNRPC-IL2         2
HNRPC-IL21R       3
HNRPC-IL6ST       2
HNRPC-IL7R        3
HNRPC-IRF4        3
HNRPC-IRS4        2
HNRPC-ITGAV       2
HNRPC-ITK         2
HNRPC-JAK1        2
HNRPC-JAK2        2
HNRPC-JAK3        2
HNRPC-JAZF1       3
HNRPC-JUN         2
HNRPC-KAT6A       3
HNRPC-KAT6B       3
HNRPC-KAT7        3
HNRPC-KCNJ5       3
HNRPC-KDM5A       3
HNRPC-KDM5C       3
HNRPC-KDM6A       3
HNRPC-KDR         2
HNRPC-KDSR        3
HNRPC-KEAP1       3
HNRPC-KIAA1549    3
HNRPC-KIF5B       3
HNRPC-KIT         2
HNRPC-KLF4        3
HNRPC-KLF6        3
HNRPC-KLK2        3
HNRPC-KMT2C       3
HNRPC-KMT2D       3
HNRPC-KNSTRN      4
HNRPC-KRAS        1
HNRPC-KTN1        3
HNRPC-LARP4B      3
HNRPC-LASP1       3
HNRPC-LATS1       3
HNRPC-LATS2       3
HNRPC-LCK         2
HNRPC-LCP1        3
HNRPC-LEF1        3
HNRPC-LEPROTL1    4
HNRPC-LIFR        2
HNRPC-LMNA        2
HNRPC-LMO1        3
HNRPC-LMO2        2
HNRPC-LPP         3
HNRPC-LRP1B       3
HNRPC-LYL1        3
HNRPC-LZTR1       3
HNRPC-MACC1       3
HNRPC-MAF         3
HNRPC-MAFB        3
HNRPC-MALAT1      3
HNRPC-MALT1       3
HNRPC-MAML2       3
HNRPC-MAP2K1      2
HNRPC-MAP2K2      2
HNRPC-MAP2K4      3
HNRPC-MAP3K1      2
HNRPC-MAP3K13     3
HNRPC-MAPK1       2
HNRPC-MAX         2
HNRPC-MDM2        2
HNRPC-MDM4        2
HNRPC-MDS2        4
HNRPC-MECOM       3
HNRPC-MED12       3
HNRPC-MEN1        3
HNRPC-MET         2
HNRPC-MGMT        3
HNRPC-MITF        2
HNRPC-MLF1        3
HNRPC-MLH1        3
HNRPC-MLLT1       3
HNRPC-MLLT10      3
HNRPC-MLLT11      4
HNRPC-MLLT3       3
HNRPC-MLLT6       3
HNRPC-MN1         3
HNRPC-MNX1        3
HNRPC-MPL         2
HNRPC-MSH2        3
HNRPC-MSH6        3
HNRPC-MSI2        2
HNRPC-MSN         3
HNRPC-MTCP1       2
HNRPC-MTOR        2
HNRPC-MUC1        2
HNRPC-MUC16       4
HNRPC-MUC4        3
HNRPC-MUTYH       3
HNRPC-MYB         2
HNRPC-MYC         2
HNRPC-MYCN        3
HNRPC-MYD88       2
HNRPC-MYH11       2
HNRPC-MYH9        2
HNRPC-MYO5A       3
HNRPC-MYOD1       3
HNRPC-N4BP2       3
HNRPC-NAB2        3
HNRPC-NACA        3
HNRPC-NBEA        4
HNRPC-NBN         3
HNRPC-NCKIPSD     2
HNRPC-NCOA1       3
HNRPC-NCOA2       3
HNRPC-NCOA4       3
HNRPC-NCOR1       2
HNRPC-NCOR2       2
HNRPC-NDRG1       3
HNRPC-NF1         3
HNRPC-NF2         3
HNRPC-NFATC2      2
HNRPC-NFE2L2      3
HNRPC-NFIB        4
HNRPC-NFKB2       3
HNRPC-NFKBIE      3
HNRPC-NIN         2
HNRPC-NKX2-1      3
HNRPC-NONO        2
HNRPC-NOTCH1      2
HNRPC-NOTCH2      3
HNRPC-NPM1        2
HNRPC-NR4A3       3
HNRPC-NRAS        2
HNRPC-NRG1        3
HNRPC-NSD1        3
HNRPC-NT5C2       2
HNRPC-NTHL1       3
HNRPC-NTRK1       2
HNRPC-NTRK3       3
HNRPC-NUMA1       3
HNRPC-NUP214      3
HNRPC-NUP98       3
HNRPC-OLIG2       3
HNRPC-OMD         4
HNRPC-P2RY8       4
HNRPC-PABPC1      2
HNRPC-PAFAH1B2    4
HNRPC-PALB2       3
HNRPC-PATZ1       3
HNRPC-PAX3        3
HNRPC-PAX5        3
HNRPC-PAX7        3
HNRPC-PAX8        3
HNRPC-PBRM1       3
HNRPC-PBX1        3
HNRPC-PCBP1       3
HNRPC-PCM1        3
HNRPC-PDCD1LG2    3
HNRPC-PDE4DIP     2
HNRPC-PDGFB       1
HNRPC-PDGFRA      2
HNRPC-PDGFRB      2
HNRPC-PER1        3
HNRPC-PHOX2B      3
HNRPC-PICALM      3
HNRPC-PIK3CA      2
HNRPC-PIK3CB      2
HNRPC-PIK3R1      2
HNRPC-PIM1        2
HNRPC-PLAG1       3
HNRPC-PLCG1       2
HNRPC-PML         2
HNRPC-PMS1        3
HNRPC-PMS2        3
HNRPC-POLD1       3
HNRPC-POLE        3
HNRPC-POLG        3
HNRPC-POLQ        3
HNRPC-POT1        3
HNRPC-POU2AF1     3
HNRPC-POU5F1      3
HNRPC-PPARG       3
HNRPC-PPFIBP1     3
HNRPC-PPM1D       3
HNRPC-PPP2R1A     3
HNRPC-PPP6C       3
HNRPC-PRCC        3
HNRPC-PRDM1       3
HNRPC-PRDM16      3
HNRPC-PRDM2       3
HNRPC-PREX2       3
HNRPC-PRF1        3
HNRPC-PRKACA      3
HNRPC-PRKAR1A     2
HNRPC-PRKCB       3
HNRPC-PRPF40B     3
HNRPC-PRRX1       3
HNRPC-PSIP1       3
HNRPC-PTCH1       3
HNRPC-PTEN        2
HNRPC-PTK6        3
HNRPC-PTPN11      2
HNRPC-PTPN13      3
HNRPC-PTPN6       2
HNRPC-PTPRB       3
HNRPC-PTPRC       2
HNRPC-PTPRD       3
HNRPC-PTPRK       3
HNRPC-PTPRT       4
HNRPC-PWWP2A      3
HNRPC-QKI         3
HNRPC-RABEP1      3
HNRPC-RAC1        2
HNRPC-RAD17       3
HNRPC-RAD21       2
HNRPC-RAF1        2
HNRPC-RALGDS      2
HNRPC-RANBP2      2
HNRPC-RAP1GDS1    2
HNRPC-RARA        2
HNRPC-RB1         3
HNRPC-RBM10       3
HNRPC-RBM15       3
HNRPC-RECQL4      3
HNRPC-REL         3
HNRPC-RET         2
HNRPC-RFWD3       3
HNRPC-RGS7        3
HNRPC-RHOA        3
HNRPC-RHOH        3
HNRPC-RMI2        3
HNRPC-RNF213      3
HNRPC-RNF43       3
HNRPC-ROBO2       3
HNRPC-ROS1        3
HNRPC-RPL10       3
HNRPC-RPL22       3
HNRPC-RPL5        3
HNRPC-RPN1        3
HNRPC-RSPO2       3
HNRPC-RSPO3       4
HNRPC-RUNX1       3
HNRPC-RUNX1T1     2
HNRPC-S100A7      3
HNRPC-SALL4       3
HNRPC-SBDS        4
HNRPC-SDC4        3
HNRPC-SDHA        3
HNRPC-SDHAF2      3
HNRPC-SDHB        3
HNRPC-SDHC        2
HNRPC-SDHD        3
HNRPC-SEPT5       3
HNRPC-SEPT6       4
HNRPC-SEPT9       3
HNRPC-SET         3
HNRPC-SETBP1      3
HNRPC-SETD1B      3
HNRPC-SETD2       3
HNRPC-SETDB1      2
HNRPC-SF3B1       2
HNRPC-SFPQ        2
HNRPC-SFRP4       4
HNRPC-SGK1        3
HNRPC-SH2B3       2
HNRPC-SH3GL1      2
HNRPC-SIRPA       3
HNRPC-SIX1        2
HNRPC-SIX2        3
HNRPC-SKI         3
HNRPC-SLC34A2     3
HNRPC-SLC45A3     4
HNRPC-SMAD2       2
HNRPC-SMAD3       2
HNRPC-SMAD4       2
HNRPC-SMARCA4     3
HNRPC-SMARCB1     3
HNRPC-SMARCD1     2
HNRPC-SMARCE1     3
HNRPC-SMC1A       3
HNRPC-SMO         3
HNRPC-SND1        3
HNRPC-SOCS1       2
HNRPC-SOX2        3
HNRPC-SPEN        3
HNRPC-SPOP        3
HNRPC-SRC         2
HNRPC-SRGAP3      3
HNRPC-SRSF2       3
HNRPC-SRSF3       3
HNRPC-SS18        2
HNRPC-SS18L1      3
HNRPC-SSX1        4
HNRPC-SSX2        3
HNRPC-SSX4        3
HNRPC-STAG1       3
HNRPC-STAG2       3
HNRPC-STAT3       2
HNRPC-STAT5B      2
HNRPC-STAT6       2
HNRPC-STIL        4
HNRPC-STK11       3
HNRPC-STRN        3
HNRPC-SUFU        3
HNRPC-SUZ12       2
HNRPC-SYK         2
HNRPC-TAF15       3
HNRPC-TAL1        3
HNRPC-TAL2        3
HNRPC-TBL1XR1     3
HNRPC-TBX3        3
HNRPC-TCEA1       3
HNRPC-TCF12       3
HNRPC-TCF3        2
HNRPC-TCF7L2      3
HNRPC-TCL1A       3
HNRPC-TEC         2
HNRPC-TERT        3
HNRPC-TET2        4
HNRPC-TFE3        3
HNRPC-TFEB        3
HNRPC-TFG         2
HNRPC-TFPT        2
HNRPC-TFRC        3
HNRPC-TGFBR2      2
HNRPC-THRAP3      2
HNRPC-TLX1        3
HNRPC-TLX3        3
HNRPC-TMEM127     4
HNRPC-TMPRSS2     3
HNRPC-TNC         3
HNRPC-TNFAIP3     3
HNRPC-TNFRSF14    3
HNRPC-TNFRSF17    3
HNRPC-TOP1        2
HNRPC-TP53        2
HNRPC-TP63        2
HNRPC-TPM3        3
HNRPC-TPM4        3
HNRPC-TPR         3
HNRPC-TRAF7       3
HNRPC-TRIM24      3
HNRPC-TRIM27      2
HNRPC-TRIM33      3
HNRPC-TRIP11      3
HNRPC-TRRAP       3
HNRPC-TSC1        3
HNRPC-TSC2        2
HNRPC-TSHR        3
HNRPC-U2AF1       3
HNRPC-UBR5        3
HNRPC-USP44       3
HNRPC-USP6        3
HNRPC-USP8        2
HNRPC-VAV1        2
HNRPC-VHL         2
HNRPC-VTI1A       3
HNRPC-WAS         2
HNRPC-WIF1        3
HNRPC-WNK2        4
HNRPC-WRN         3
HNRPC-WT1         2
HNRPC-WWTR1       3
HNRPC-XPA         3
HNRPC-XPC         3
HNRPC-XPO1        3
HNRPC-YWHAE       2
HNRPC-ZBTB16      2
HNRPC-ZCCHC8      2
HNRPC-ZEB1        3
HNRPC-ZFHX3       3
HNRPC-ZMYM2       2
HNRPC-ZMYM3       3
HNRPC-ZNF331      3
HNRPC-ZNF384      3
HNRPC-ZNF429      4
HNRPC-ZNF521      3
HNRPC-ZNRF3       3
FAM40B-A1CF       3
FAM40B-ABI1       3
FAM40B-ABL1       3
FAM40B-ABL2       3
FAM40B-ACKR3      3
FAM40B-ACSL3      2
FAM40B-ACSL6      3
FAM40B-ACVR1      3
FAM40B-ACVR2A     3
FAM40B-AFF1       2
FAM40B-AFF3       3
FAM40B-AFF4       3
FAM40B-AKAP9      3
FAM40B-AKT1       3
FAM40B-AKT2       3
FAM40B-AKT3       3
FAM40B-ALDH2      3
FAM40B-ALK        3
FAM40B-AMER1      3
FAM40B-ANK1       2
FAM40B-APC        2
FAM40B-APOBEC3B   3
FAM40B-AR         3
FAM40B-ARAF       2
FAM40B-ARHGAP26   3
FAM40B-ARHGAP5    3
FAM40B-ARHGEF10   4
FAM40B-ARHGEF10L  3
FAM40B-ARHGEF12   3
FAM40B-ARID1A     2
FAM40B-ARID1B     3
FAM40B-ARID2      3
FAM40B-ARNT       3
FAM40B-ASPSCR1    3
FAM40B-ASXL1      3
FAM40B-ASXL2      3
FAM40B-ATF1       3
FAM40B-ATIC       3
FAM40B-ATM        3
FAM40B-ATP1A1     3
FAM40B-ATP2B3     4
FAM40B-ATR        3
FAM40B-ATRX       3
FAM40B-AXIN1      3
FAM40B-AXIN2      3
FAM40B-B2M        2
FAM40B-BAP1       3
FAM40B-BARD1      3
FAM40B-BAX        3
FAM40B-BAZ1A      3
FAM40B-BCL10      3
FAM40B-BCL11A     3
FAM40B-BCL11B     3
FAM40B-BCL2       3
FAM40B-BCL2L12    3
FAM40B-BCL3       3
FAM40B-BCL6       2
FAM40B-BCL7A      3
FAM40B-BCL9       3
FAM40B-BCL9L      3
FAM40B-BCLAF1     2
FAM40B-BCOR       3
FAM40B-BCORL1     4
FAM40B-BCR        2
FAM40B-BIRC3      3
FAM40B-BIRC6      2
FAM40B-BLM        3
FAM40B-BMP5       3
FAM40B-BMPR1A     3
FAM40B-BRAF       3
FAM40B-BRCA1      2
FAM40B-BRCA2      3
FAM40B-BRD3       3
FAM40B-BRD4       3
FAM40B-BRIP1      3
FAM40B-BTG1       2
FAM40B-BTK        3
FAM40B-BUB1B      3
FAM40B-CACNA1D    4
FAM40B-CALR       3
FAM40B-CAMTA1     2
FAM40B-CANT1      3
FAM40B-CARD11     3
FAM40B-CARS       3
FAM40B-CASP3      2
FAM40B-CASP8      2
FAM40B-CASP9      3
FAM40B-CBFA2T3    2
FAM40B-CBFB       3
FAM40B-CBL        3
FAM40B-CBLB       3
FAM40B-CBLC       3
FAM40B-CCDC6      3
FAM40B-CCNB1IP1   3
FAM40B-CCNC       2
FAM40B-CCND1      2
FAM40B-CCND2      3
FAM40B-CCND3      3
FAM40B-CCNE1      3
FAM40B-CCR4       3
FAM40B-CCR7       3
FAM40B-CD209      4
FAM40B-CD274      3
FAM40B-CD28       3
FAM40B-CD74       2
FAM40B-CD79A      3
FAM40B-CD79B      3
FAM40B-CDC73      3
FAM40B-CDH1       3
FAM40B-CDH10      3
FAM40B-CDH11      3
FAM40B-CDH17      3
FAM40B-CDK12      3
FAM40B-CDK4       3
FAM40B-CDK6       3
FAM40B-CDKN1A     3
FAM40B-CDKN1B     3
FAM40B-CDKN2A     3
FAM40B-CDKN2C     3
FAM40B-CDX2       3
FAM40B-CEBPA      3
FAM40B-CHCHD7     2
FAM40B-CHD2       2
FAM40B-CHD4       2
FAM40B-CHEK2      3
FAM40B-CHIC2      3
FAM40B-CHST11     4
FAM40B-CIC        3
FAM40B-CIITA      2
FAM40B-CLIP1      3
FAM40B-CLP1       3
FAM40B-CLTC       2
FAM40B-CLTCL1     3
FAM40B-CNBP       3
FAM40B-CNOT3      2
FAM40B-CNTNAP2    3
FAM40B-CNTRL      3
FAM40B-COL1A1     3
FAM40B-COL2A1     3
FAM40B-COL3A1     3
FAM40B-COX6C      3
FAM40B-CPEB3      5
FAM40B-CREB1      3
FAM40B-CREB3L1    3
FAM40B-CREB3L2    2
FAM40B-CREBBP     2
FAM40B-CRLF2      3
FAM40B-CRNKL1     4
FAM40B-CRTC1      3
FAM40B-CRTC3      3
FAM40B-CSF1R      3
FAM40B-CSF3R      3
FAM40B-CSMD3      3
FAM40B-CTCF       2
FAM40B-CTNNA2     3
FAM40B-CTNNB1     2
FAM40B-CTNND1     3
FAM40B-CTNND2     3
FAM40B-CUL3       3
FAM40B-CUX1       3
FAM40B-CXCR4      3
FAM40B-CYLD       3
FAM40B-CYP2C8     3
FAM40B-CYSLTR2    4
FAM40B-DAXX       3
FAM40B-DCC        3
FAM40B-DCTN1      3
FAM40B-DDB2       3
FAM40B-DDIT3      2
FAM40B-DDR2       3
FAM40B-DDX10      3
FAM40B-DDX3X      3
FAM40B-DDX5       2
FAM40B-DDX6       2
FAM40B-DEK        3
FAM40B-DGCR8      2
FAM40B-DICER1     3
FAM40B-DNAJB1     3
FAM40B-DNM2       2
FAM40B-DNMT3A     3
FAM40B-DROSHA     3
FAM40B-EBF1       3
FAM40B-EED        3
FAM40B-EGFR       2
FAM40B-EIF1AX     3
FAM40B-EIF3E      3
FAM40B-EIF4A2     2
FAM40B-ELF3       3
FAM40B-ELF4       3
FAM40B-ELK4       3
FAM40B-ELL        3
FAM40B-ELN        3
FAM40B-EML4       3
FAM40B-EP300      2
FAM40B-EPAS1      3
FAM40B-EPHA3      3
FAM40B-EPHA7      3
FAM40B-EPS15      2
FAM40B-ERBB2      3
FAM40B-ERBB3      3
FAM40B-ERBB4      3
FAM40B-ERC1       3
FAM40B-ERCC2      3
FAM40B-ERCC3      3
FAM40B-ERCC4      3
FAM40B-ERCC5      3
FAM40B-ERG        3
FAM40B-ESR1       2
FAM40B-ETNK1      3
FAM40B-ETV1       3
FAM40B-ETV4       2
FAM40B-ETV5       2
FAM40B-ETV6       3
FAM40B-EWSR1      2
FAM40B-EXT1       3
FAM40B-EXT2       3
FAM40B-EZH2       3
FAM40B-EZR        3
FAM40B-FAM135B    4
FAM40B-FANCA      3
FAM40B-FANCC      3
FAM40B-FANCD2     3
FAM40B-FANCE      3
FAM40B-FANCF      2
FAM40B-FANCG      3
FAM40B-FAS        3
FAM40B-FAT1       3
FAM40B-FAT3       4
FAM40B-FAT4       4
FAM40B-FBLN2      3
FAM40B-FBXO11     3
FAM40B-FBXW7      3
FAM40B-FCGR2B     3
FAM40B-FEN1       3
FAM40B-FES        3
FAM40B-FEV        3
FAM40B-FGFR1      3
FAM40B-FGFR1OP    3
FAM40B-FGFR2      3
FAM40B-FGFR3      3
FAM40B-FGFR4      3
FAM40B-FH         4
FAM40B-FHIT       3
FAM40B-FIP1L1     3
FAM40B-FLCN       3
FAM40B-FLI1       3
FAM40B-FLNA       3
FAM40B-FLT3       3
FAM40B-FLT4       3
FAM40B-FNBP1      3
FAM40B-FOXA1      2
FAM40B-FOXL2      3
FAM40B-FOXO1      3
FAM40B-FOXO3      2
FAM40B-FOXO4      3
FAM40B-FOXP1      3
FAM40B-FOXR1      3
FAM40B-FSTL3      4
FAM40B-FUBP1      3
FAM40B-FUS        2
FAM40B-GAS7       3
FAM40B-GATA1      2
FAM40B-GATA2      2
FAM40B-GATA3      2
FAM40B-GLI1       3
FAM40B-GMPS       3
FAM40B-GNA11      4
FAM40B-GNAQ       3
FAM40B-GNAS       2
FAM40B-GOLGA5     3
FAM40B-GOPC       3
FAM40B-GPC3       4
FAM40B-GPC5       3
FAM40B-GPHN       3
FAM40B-GRIN2A     3
FAM40B-GRM3       3
FAM40B-H3F3A      3
FAM40B-H3F3B      2
FAM40B-HERPUD1    3
FAM40B-HEY1       3
FAM40B-HIF1A      3
FAM40B-HIP1       3
FAM40B-HIST1H3B   2
FAM40B-HIST1H4I   2
FAM40B-HLA-A      3
FAM40B-HLF        3
FAM40B-HMGA1      3
FAM40B-HMGA2      3
FAM40B-HNF1A      3
FAM40B-HNRNPA2B1  2
FAM40B-HOOK3      3
FAM40B-HOXA11     3
FAM40B-HOXA13     3
FAM40B-HOXA9      3
FAM40B-HOXC11     3
FAM40B-HOXC13     3
FAM40B-HOXD11     3
FAM40B-HOXD13     3
FAM40B-HRAS       3
FAM40B-HSP90AA1   3
FAM40B-HSP90AB1   2
FAM40B-ID3        3
FAM40B-IDH1       3
FAM40B-IDH2       3
FAM40B-IGF2BP2    3
FAM40B-IKBKB      3
FAM40B-IKZF1      3
FAM40B-IL2        3
FAM40B-IL21R      3
FAM40B-IL6ST      3
FAM40B-IL7R       3
FAM40B-IRF4       3
FAM40B-IRS4       3
FAM40B-ITGAV      3
FAM40B-ITK        3
FAM40B-JAK1       3
FAM40B-JAK2       2
FAM40B-JAK3       3
FAM40B-JAZF1      3
FAM40B-JUN        2
FAM40B-KAT6A      3
FAM40B-KAT6B      3
FAM40B-KAT7       3
FAM40B-KCNJ5      4
FAM40B-KDM5A      3
FAM40B-KDM5C      3
FAM40B-KDM6A      3
FAM40B-KDR        3
FAM40B-KDSR       3
FAM40B-KEAP1      2
FAM40B-KIAA1549   3
FAM40B-KIF5B      3
FAM40B-KIT        3
FAM40B-KLF4       3
FAM40B-KLF6       3
FAM40B-KLK2       3
FAM40B-KMT2C      3
FAM40B-KMT2D      3
FAM40B-KNSTRN     4
FAM40B-KRAS       3
FAM40B-KTN1       3
FAM40B-LARP4B     3
FAM40B-LASP1      3
FAM40B-LATS1      2
FAM40B-LATS2      3
FAM40B-LCK        2
FAM40B-LCP1       3
FAM40B-LEF1       3
FAM40B-LEPROTL1   4
FAM40B-LIFR       3
FAM40B-LMNA       2
FAM40B-LMO1       2
FAM40B-LMO2       2
FAM40B-LPP        3
FAM40B-LRP1B      4
FAM40B-LYL1       2
FAM40B-LZTR1      3
FAM40B-MACC1      2
FAM40B-MAF        3
FAM40B-MAFB       3
FAM40B-MALAT1     2
FAM40B-MALT1      3
FAM40B-MAML2      3
FAM40B-MAP2K1     3
FAM40B-MAP2K2     3
FAM40B-MAP2K4     3
FAM40B-MAP3K1     3
FAM40B-MAP3K13    3
FAM40B-MAPK1      2
FAM40B-MAX        2
FAM40B-MDM2       2
FAM40B-MDM4       3
FAM40B-MDS2       4
FAM40B-MECOM      3
FAM40B-MED12      3
FAM40B-MEN1       3
FAM40B-MET        3
FAM40B-MGMT       3
FAM40B-MITF       3
FAM40B-MLF1       3
FAM40B-MLH1       2
FAM40B-MLLT1      3
FAM40B-MLLT10     3
FAM40B-MLLT11     3
FAM40B-MLLT3      3
FAM40B-MLLT6      3
FAM40B-MN1        3
FAM40B-MNX1       3
FAM40B-MPL        3
FAM40B-MSH2       2
FAM40B-MSH6       3
FAM40B-MSI2       3
FAM40B-MSN        3
FAM40B-MTCP1      3
FAM40B-MTOR       3
FAM40B-MUC1       3
FAM40B-MUC16      4
FAM40B-MUC4       3
FAM40B-MUTYH      3
FAM40B-MYB        3
FAM40B-MYC        2
FAM40B-MYCN       3
FAM40B-MYD88      3
FAM40B-MYH11      3
FAM40B-MYH9       2
FAM40B-MYO5A      3
FAM40B-MYOD1      3
FAM40B-N4BP2      3
FAM40B-NAB2       3
FAM40B-NACA       2
FAM40B-NBEA       3
FAM40B-NBN        3
FAM40B-NCKIPSD    3
FAM40B-NCOA1      3
FAM40B-NCOA2      2
FAM40B-NCOA4      2
FAM40B-NCOR1      3
FAM40B-NCOR2      3
FAM40B-NDRG1      3
FAM40B-NF1        3
FAM40B-NF2        3
FAM40B-NFATC2     3
FAM40B-NFE2L2     3
FAM40B-NFIB       3
FAM40B-NFKB2      3
FAM40B-NFKBIE     3
FAM40B-NIN        3
FAM40B-NKX2-1     3
FAM40B-NONO       3
FAM40B-NOTCH1     3
FAM40B-NOTCH2     3
FAM40B-NPM1       2
FAM40B-NR4A3      4
FAM40B-NRAS       3
FAM40B-NRG1       3
FAM40B-NSD1       3
FAM40B-NT5C2      3
FAM40B-NTHL1      3
FAM40B-NTRK1      3
FAM40B-NTRK3      3
FAM40B-NUMA1      3
FAM40B-NUP214     2
FAM40B-NUP98      3
FAM40B-OLIG2      3
FAM40B-OMD        5
FAM40B-P2RY8      3
FAM40B-PABPC1     3
FAM40B-PAFAH1B2   3
FAM40B-PALB2      3
FAM40B-PATZ1      4
FAM40B-PAX3       3
FAM40B-PAX5       3
FAM40B-PAX7       3
FAM40B-PAX8       3
FAM40B-PBRM1      3
FAM40B-PBX1       3
FAM40B-PCBP1      3
FAM40B-PCM1       3
FAM40B-PDCD1LG2   3
FAM40B-PDE4DIP    2
FAM40B-PDGFB      3
FAM40B-PDGFRA     3
FAM40B-PDGFRB     2
FAM40B-PER1       3
FAM40B-PHOX2B     3
FAM40B-PICALM     3
FAM40B-PIK3CA     3
FAM40B-PIK3CB     3
FAM40B-PIK3R1     3
FAM40B-PIM1       3
FAM40B-PLAG1      3
FAM40B-PLCG1      3
FAM40B-PML        3
FAM40B-PMS1       3
FAM40B-PMS2       2
FAM40B-POLD1      3
FAM40B-POLE       3
FAM40B-POLG       3
FAM40B-POLQ       3
FAM40B-POT1       3
FAM40B-POU2AF1    3
FAM40B-POU5F1     3
FAM40B-PPARG      3
FAM40B-PPFIBP1    3
FAM40B-PPM1D      3
FAM40B-PPP2R1A    2
FAM40B-PPP6C      3
FAM40B-PRCC       3
FAM40B-PRDM1      3
FAM40B-PRDM16     4
FAM40B-PRDM2      3
FAM40B-PREX2      4
FAM40B-PRF1       4
FAM40B-PRKACA     2
FAM40B-PRKAR1A    3
FAM40B-PRKCB      3
FAM40B-PRPF40B    3
FAM40B-PRRX1      3
FAM40B-PSIP1      3
FAM40B-PTCH1      3
FAM40B-PTEN       2
FAM40B-PTK6       2
FAM40B-PTPN11     3
FAM40B-PTPN13     3
FAM40B-PTPN6      3
FAM40B-PTPRB      3
FAM40B-PTPRC      3
FAM40B-PTPRD      3
FAM40B-PTPRK      3
FAM40B-PTPRT      4
FAM40B-PWWP2A     3
FAM40B-QKI        3
FAM40B-RABEP1     3
FAM40B-RAC1       3
FAM40B-RAD17      3
FAM40B-RAD21      2
FAM40B-RAF1       2
FAM40B-RALGDS     3
FAM40B-RANBP2     2
FAM40B-RAP1GDS1   3
FAM40B-RARA       3
FAM40B-RB1        2
FAM40B-RBM10      3
FAM40B-RBM15      2
FAM40B-RECQL4     3
FAM40B-REL        3
FAM40B-RET        3
FAM40B-RFWD3      3
FAM40B-RGS7       3
FAM40B-RHOA       3
FAM40B-RHOH       3
FAM40B-RMI2       3
FAM40B-RNF213     3
FAM40B-RNF43      3
FAM40B-ROBO2      3
FAM40B-ROS1       3
FAM40B-RPL10      2
FAM40B-RPL22      3
FAM40B-RPL5       2
FAM40B-RPN1       3
FAM40B-RSPO2      3
FAM40B-RSPO3      4
FAM40B-RUNX1      2
FAM40B-RUNX1T1    3
FAM40B-S100A7     3
FAM40B-SALL4      3
FAM40B-SBDS       3
FAM40B-SDC4       3
FAM40B-SDHA       3
FAM40B-SDHAF2     3
FAM40B-SDHB       3
FAM40B-SDHC       3
FAM40B-SDHD       3
FAM40B-SEPT5      2
FAM40B-SEPT6      3
FAM40B-SEPT9      3
FAM40B-SET        3
FAM40B-SETBP1     3
FAM40B-SETD1B     3
FAM40B-SETD2      3
FAM40B-SETDB1     2
FAM40B-SF3B1      3
FAM40B-SFPQ       2
FAM40B-SFRP4      4
FAM40B-SGK1       3
FAM40B-SH2B3      3
FAM40B-SH3GL1     3
FAM40B-SIRPA      3
FAM40B-SIX1       3
FAM40B-SIX2       3
FAM40B-SKI        3
FAM40B-SLC34A2    3
FAM40B-SLC45A3    2
FAM40B-SMAD2      3
FAM40B-SMAD3      3
FAM40B-SMAD4      3
FAM40B-SMARCA4    3
FAM40B-SMARCB1    3
FAM40B-SMARCD1    3
FAM40B-SMARCE1    3
FAM40B-SMC1A      3
FAM40B-SMO        3
FAM40B-SND1       2
FAM40B-SOCS1      2
FAM40B-SOX2       3
FAM40B-SPEN       3
FAM40B-SPOP       3
FAM40B-SRC        3
FAM40B-SRGAP3     4
FAM40B-SRSF2      3
FAM40B-SRSF3      3
FAM40B-SS18       3
FAM40B-SS18L1     2
FAM40B-SSX1       4
FAM40B-SSX2       2
FAM40B-SSX4       3
FAM40B-STAG1      3
FAM40B-STAG2      3
FAM40B-STAT3      3
FAM40B-STAT5B     3
FAM40B-STAT6      2
FAM40B-STIL       3
FAM40B-STK11      2
FAM40B-STRN       1
FAM40B-SUFU       3
FAM40B-SUZ12      2
FAM40B-SYK        2
FAM40B-TAF15      2
FAM40B-TAL1       1
FAM40B-TAL2       3
FAM40B-TBL1XR1    2
FAM40B-TBX3       2
FAM40B-TCEA1      3
FAM40B-TCF12      2
FAM40B-TCF3       2
FAM40B-TCF7L2     3
FAM40B-TCL1A      4
FAM40B-TEC        3
FAM40B-TERT       3
FAM40B-TET2       4
FAM40B-TFE3       3
FAM40B-TFEB       4
FAM40B-TFG        3
FAM40B-TFPT       2
FAM40B-TFRC       2
FAM40B-TGFBR2     3
FAM40B-THRAP3     3
FAM40B-TLX1       3
FAM40B-TLX3       3
FAM40B-TMEM127    3
FAM40B-TMPRSS2    4
FAM40B-TNC        3
FAM40B-TNFAIP3    2
FAM40B-TNFRSF14   3
FAM40B-TNFRSF17   3
FAM40B-TOP1       2
FAM40B-TP53       2
FAM40B-TP63       3
FAM40B-TPM3       3
FAM40B-TPM4       3
FAM40B-TPR        3
FAM40B-TRAF7      3
FAM40B-TRIM24     2
FAM40B-TRIM27     2
FAM40B-TRIM33     2
FAM40B-TRIP11     3
FAM40B-TRRAP      2
FAM40B-TSC1       2
FAM40B-TSC2       3
FAM40B-TSHR       3
FAM40B-U2AF1      3
FAM40B-UBR5       3
FAM40B-USP44      3
FAM40B-USP6       3
FAM40B-USP8       3
FAM40B-VAV1       3
FAM40B-VHL        2
FAM40B-VTI1A      3
FAM40B-WAS        3
FAM40B-WIF1       3
FAM40B-WNK2       4
FAM40B-WRN        2
FAM40B-WT1        3
FAM40B-WWTR1      3
FAM40B-XPA        2
FAM40B-XPC        3
FAM40B-XPO1       2
FAM40B-YWHAE      2
FAM40B-ZBTB16     3
FAM40B-ZCCHC8     3
FAM40B-ZEB1       3
FAM40B-ZFHX3      3
FAM40B-ZMYM2      2
FAM40B-ZMYM3      3
FAM40B-ZNF331     3
FAM40B-ZNF384     3
FAM40B-ZNF429     4
FAM40B-ZNF521     4
FAM40B-ZNRF3      3
SLIT2-A1CF        3
SLIT2-ABI1        2
SLIT2-ABL1        1
SLIT2-ABL2        1
SLIT2-ACKR3       3
SLIT2-ACSL3       3
SLIT2-ACSL6       3
SLIT2-ACVR1       3
SLIT2-ACVR2A      3
SLIT2-AFF1        3
SLIT2-AFF3        4
SLIT2-AFF4        3
SLIT2-AKAP9       3
SLIT2-AKT1        2
SLIT2-AKT2        2
SLIT2-AKT3        3
SLIT2-ALDH2       3
SLIT2-ALK         3
SLIT2-AMER1       3
SLIT2-ANK1        3
SLIT2-APC         2
SLIT2-APOBEC3B    4
SLIT2-AR          2
SLIT2-ARAF        3
SLIT2-ARHGAP26    2
SLIT2-ARHGAP5     2
SLIT2-ARHGEF10    4
SLIT2-ARHGEF10L   3
SLIT2-ARHGEF12    2
SLIT2-ARID1A      3
SLIT2-ARID1B      3
SLIT2-ARID2       3
SLIT2-ARNT        3
SLIT2-ASPSCR1     2
SLIT2-ASXL1       3
SLIT2-ASXL2       3
SLIT2-ATF1        2
SLIT2-ATIC        2
SLIT2-ATM         2
SLIT2-ATP1A1      3
SLIT2-ATP2B3      4
SLIT2-ATR         2
SLIT2-ATRX        3
SLIT2-AXIN1       2
SLIT2-AXIN2       3
SLIT2-B2M         3
SLIT2-BAP1        3
SLIT2-BARD1       3
SLIT2-BAX         2
SLIT2-BAZ1A       3
SLIT2-BCL10       3
SLIT2-BCL11A      3
SLIT2-BCL11B      3
SLIT2-BCL2        2
SLIT2-BCL2L12     3
SLIT2-BCL3        2
SLIT2-BCL6        3
SLIT2-BCL7A       3
SLIT2-BCL9        3
SLIT2-BCL9L       4
SLIT2-BCLAF1      3
SLIT2-BCOR        3
SLIT2-BCORL1      3
SLIT2-BCR         2
SLIT2-BIRC3       3
SLIT2-BIRC6       3
SLIT2-BLM         3
SLIT2-BMP5        3
SLIT2-BMPR1A      3
SLIT2-BRAF        3
SLIT2-BRCA1       2
SLIT2-BRCA2       3
SLIT2-BRD3        3
SLIT2-BRD4        3
SLIT2-BRIP1       2
SLIT2-BTG1        3
SLIT2-BTK         2
SLIT2-BUB1B       3
SLIT2-CACNA1D     4
SLIT2-CALR        3
SLIT2-CAMTA1      3
SLIT2-CANT1       3
SLIT2-CARD11      3
SLIT2-CARS        3
SLIT2-CASP3       2
SLIT2-CASP8       3
SLIT2-CASP9       2
SLIT2-CBFA2T3     3
SLIT2-CBFB        3
SLIT2-CBL         2
SLIT2-CBLB        2
SLIT2-CBLC        3
SLIT2-CCDC6       3
SLIT2-CCNB1IP1    3
SLIT2-CCNC        3
SLIT2-CCND1       2
SLIT2-CCND2       2
SLIT2-CCND3       2
SLIT2-CCNE1       2
SLIT2-CCR4        3
SLIT2-CCR7        3
SLIT2-CD209       3
SLIT2-CD274       3
SLIT2-CD28        3
SLIT2-CD74        3
SLIT2-CD79A       3
SLIT2-CD79B       3
SLIT2-CDC73       3
SLIT2-CDH1        2
SLIT2-CDH10       3
SLIT2-CDH11       3
SLIT2-CDH17       3
SLIT2-CDK12       3
SLIT2-CDK4        2
SLIT2-CDK6        3
SLIT2-CDKN1A      2
SLIT2-CDKN1B      2
SLIT2-CDKN2A      2
SLIT2-CDKN2C      3
SLIT2-CDX2        3
SLIT2-CEBPA       2
SLIT2-CHCHD7      4
SLIT2-CHD2        3
SLIT2-CHD4        2
SLIT2-CHEK2       2
SLIT2-CHIC2       3
SLIT2-CHST11      3
SLIT2-CIC         3
SLIT2-CIITA       2
SLIT2-CLIP1       2
SLIT2-CLP1        3
SLIT2-CLTC        2
SLIT2-CLTCL1      3
SLIT2-CNBP        3
SLIT2-CNOT3       3
SLIT2-CNTNAP2     4
SLIT2-CNTRL       3
SLIT2-COL1A1      3
SLIT2-COL2A1      3
SLIT2-COL3A1      3
SLIT2-COX6C       3
SLIT2-CPEB3       5
SLIT2-CREB1       2
SLIT2-CREB3L1     3
SLIT2-CREB3L2     3
SLIT2-CREBBP      2
SLIT2-CRLF2       3
SLIT2-CRNKL1      4
SLIT2-CRTC1       3
SLIT2-CRTC3       3
SLIT2-CSF1R       3
SLIT2-CSF3R       3
SLIT2-CSMD3       3
SLIT2-CTCF        2
SLIT2-CTNNA2      2
SLIT2-CTNNB1      2
SLIT2-CTNND1      2
SLIT2-CTNND2      2
SLIT2-CUL3        3
SLIT2-CUX1        3
SLIT2-CXCR4       2
SLIT2-CYLD        3
SLIT2-CYP2C8      3
SLIT2-CYSLTR2     3
SLIT2-DAXX        3
SLIT2-DCC         1
SLIT2-DCTN1       3
SLIT2-DDB2        2
SLIT2-DDIT3       2
SLIT2-DDR2        3
SLIT2-DDX10       3
SLIT2-DDX3X       3
SLIT2-DDX5        2
SLIT2-DDX6        3
SLIT2-DEK         3
SLIT2-DGCR8       2
SLIT2-DICER1      3
SLIT2-DNAJB1      3
SLIT2-DNM2        2
SLIT2-DNMT3A      2
SLIT2-DROSHA      3
SLIT2-EBF1        2
SLIT2-EED         3
SLIT2-EGFR        2
SLIT2-EIF1AX      2
SLIT2-EIF3E       2
SLIT2-EIF4A2      3
SLIT2-ELF3        2
SLIT2-ELF4        3
SLIT2-ELK4        3
SLIT2-ELL         3
SLIT2-ELN         3
SLIT2-EML4        4
SLIT2-EP300       2
SLIT2-EPAS1       3
SLIT2-EPHA3       2
SLIT2-EPHA7       3
SLIT2-EPS15       3
SLIT2-ERBB2       2
SLIT2-ERBB3       3
SLIT2-ERBB4       3
SLIT2-ERC1        3
SLIT2-ERCC2       3
SLIT2-ERCC3       2
SLIT2-ERCC4       3
SLIT2-ERCC5       3
SLIT2-ERG         3
SLIT2-ESR1        2
SLIT2-ETNK1       3
SLIT2-ETV1        3
SLIT2-ETV4        3
SLIT2-ETV5        3
SLIT2-ETV6        3
SLIT2-EWSR1       3
SLIT2-EXT1        2
SLIT2-EXT2        2
SLIT2-EZH2        3
SLIT2-EZR         2
SLIT2-FAM135B     3
SLIT2-FANCA       3
SLIT2-FANCC       3
SLIT2-FANCD2      2
SLIT2-FANCE       3
SLIT2-FANCF       3
SLIT2-FANCG       3
SLIT2-FAS         3
SLIT2-FAT1        2
SLIT2-FAT3        4
SLIT2-FAT4        4
SLIT2-FBLN2       3
SLIT2-FBXO11      3
SLIT2-FBXW7       2
SLIT2-FCGR2B      3
SLIT2-FEN1        3
SLIT2-FES         2
SLIT2-FEV         3
SLIT2-FGFR1       2
SLIT2-FGFR1OP     3
SLIT2-FGFR2       3
SLIT2-FGFR3       3
SLIT2-FGFR4       3
SLIT2-FH          4
SLIT2-FHIT        3
SLIT2-FIP1L1      3
SLIT2-FLCN        3
SLIT2-FLI1        3
SLIT2-FLNA        2
SLIT2-FLT3        3
SLIT2-FLT4        3
SLIT2-FNBP1       2
SLIT2-FOXA1       2
SLIT2-FOXL2       3
SLIT2-FOXO1       3
SLIT2-FOXO3       2
SLIT2-FOXO4       3
SLIT2-FOXP1       3
SLIT2-FOXR1       4
SLIT2-FSTL3       3
SLIT2-FUBP1       3
SLIT2-FUS         3
SLIT2-GAS7        3
SLIT2-GATA1       3
SLIT2-GATA2       2
SLIT2-GATA3       3
SLIT2-GLI1        3
SLIT2-GMPS        3
SLIT2-GNA11       3
SLIT2-GNAQ        3
SLIT2-GNAS        3
SLIT2-GOLGA5      3
SLIT2-GOPC        2
SLIT2-GPC3        2
SLIT2-GPC5        2
SLIT2-GPHN        2
SLIT2-GRIN2A      3
SLIT2-GRM3        3
SLIT2-H3F3A       3
SLIT2-H3F3B       3
SLIT2-HERPUD1     2
SLIT2-HEY1        3
SLIT2-HIF1A       2
SLIT2-HIP1        3
SLIT2-HIST1H3B    3
SLIT2-HIST1H4I    3
SLIT2-HLA-A       3
SLIT2-HLF         3
SLIT2-HMGA1       2
SLIT2-HMGA2       3
SLIT2-HNF1A       2
SLIT2-HNRNPA2B1   3
SLIT2-HOOK3       3
SLIT2-HOXA11      3
SLIT2-HOXA13      3
SLIT2-HOXA9       3
SLIT2-HOXC11      3
SLIT2-HOXC13      3
SLIT2-HOXD11      4
SLIT2-HOXD13      3
SLIT2-HRAS        2
SLIT2-HSP90AA1    2
SLIT2-HSP90AB1    2
SLIT2-ID3         3
SLIT2-IDH1        3
SLIT2-IDH2        3
SLIT2-IGF2BP2     2
SLIT2-IKBKB       3
SLIT2-IKZF1       3
SLIT2-IL2         2
SLIT2-IL21R       3
SLIT2-IL6ST       3
SLIT2-IL7R        3
SLIT2-IRF4        3
SLIT2-IRS4        2
SLIT2-ITGAV       3
SLIT2-ITK         3
SLIT2-JAK1        2
SLIT2-JAK2        2
SLIT2-JAK3        2
SLIT2-JAZF1       3
SLIT2-JUN         2
SLIT2-KAT6A       3
SLIT2-KAT6B       3
SLIT2-KAT7        3
SLIT2-KCNJ5       4
SLIT2-KDM5A       3
SLIT2-KDM5C       3
SLIT2-KDM6A       3
SLIT2-KDR         2
SLIT2-KDSR        3
SLIT2-KEAP1       2
SLIT2-KIAA1549    3
SLIT2-KIF5B       3
SLIT2-KIT         2
SLIT2-KLF4        3
SLIT2-KLF6        3
SLIT2-KLK2        3
SLIT2-KMT2C       4
SLIT2-KMT2D       4
SLIT2-KNSTRN      4
SLIT2-KRAS        3
SLIT2-KTN1        2
SLIT2-LARP4B      3
SLIT2-LASP1       3
SLIT2-LATS1       2
SLIT2-LATS2       3
SLIT2-LCK         2
SLIT2-LCP1        3
SLIT2-LEF1        2
SLIT2-LEPROTL1    4
SLIT2-LIFR        3
SLIT2-LMNA        2
SLIT2-LMO1        3
SLIT2-LMO2        3
SLIT2-LPP         2
SLIT2-LRP1B       3
SLIT2-LYL1        3
SLIT2-LZTR1       2
SLIT2-MACC1       3
SLIT2-MAF         3
SLIT2-MAFB        3
SLIT2-MALAT1      2
SLIT2-MALT1       3
SLIT2-MAML2       3
SLIT2-MAP2K1      2
SLIT2-MAP2K2      3
SLIT2-MAP2K4      2
SLIT2-MAP3K1      2
SLIT2-MAP3K13     3
SLIT2-MAPK1       2
SLIT2-MAX         2
SLIT2-MDM2        2
SLIT2-MDM4        3
SLIT2-MDS2        3
SLIT2-MECOM       3
SLIT2-MED12       2
SLIT2-MEN1        2
SLIT2-MET         2
SLIT2-MGMT        3
SLIT2-MITF        3
SLIT2-MLF1        3
SLIT2-MLH1        2
SLIT2-MLLT1       3
SLIT2-MLLT10      2
SLIT2-MLLT11      3
SLIT2-MLLT3       3
SLIT2-MLLT6       3
SLIT2-MN1         3
SLIT2-MNX1        4
SLIT2-MPL         3
SLIT2-MSH2        2
SLIT2-MSH6        2
SLIT2-MSI2        3
SLIT2-MSN         2
SLIT2-MTCP1       3
SLIT2-MTOR        2
SLIT2-MUC1        2
SLIT2-MUC16       3
SLIT2-MUC4        3
SLIT2-MUTYH       3
SLIT2-MYB         2
SLIT2-MYC         1
SLIT2-MYCN        3
SLIT2-MYD88       2
SLIT2-MYH11       3
SLIT2-MYH9        2
SLIT2-MYO5A       2
SLIT2-MYOD1       3
SLIT2-N4BP2       3
SLIT2-NAB2        3
SLIT2-NACA        2
SLIT2-NBEA        3
SLIT2-NBN         3
SLIT2-NCKIPSD     3
SLIT2-NCOA1       3
SLIT2-NCOA2       3
SLIT2-NCOA4       3
SLIT2-NCOR1       3
SLIT2-NCOR2       3
SLIT2-NDRG1       2
SLIT2-NF1         3
SLIT2-NF2         3
SLIT2-NFATC2      2
SLIT2-NFE2L2      2
SLIT2-NFIB        3
SLIT2-NFKB2       3
SLIT2-NFKBIE      3
SLIT2-NIN         3
SLIT2-NKX2-1      3
SLIT2-NONO        2
SLIT2-NOTCH1      2
SLIT2-NOTCH2      3
SLIT2-NPM1        2
SLIT2-NR4A3       3
SLIT2-NRAS        2
SLIT2-NRG1        2
SLIT2-NSD1        3
SLIT2-NT5C2       3
SLIT2-NTHL1       3
SLIT2-NTRK1       2
SLIT2-NTRK3       3
SLIT2-NUMA1       3
SLIT2-NUP214      2
SLIT2-NUP98       3
SLIT2-OLIG2       3
SLIT2-OMD         4
SLIT2-P2RY8       4
SLIT2-PABPC1      3
SLIT2-PAFAH1B2    3
SLIT2-PALB2       3
SLIT2-PATZ1       3
SLIT2-PAX3        3
SLIT2-PAX5        3
SLIT2-PAX7        3
SLIT2-PAX8        3
SLIT2-PBRM1       2
SLIT2-PBX1        3
SLIT2-PCBP1       2
SLIT2-PCM1        3
SLIT2-PDCD1LG2    3
SLIT2-PDE4DIP     2
SLIT2-PDGFB       2
SLIT2-PDGFRA      3
SLIT2-PDGFRB      2
SLIT2-PER1        3
SLIT2-PHOX2B      4
SLIT2-PICALM      3
SLIT2-PIK3CA      2
SLIT2-PIK3CB      2
SLIT2-PIK3R1      2
SLIT2-PIM1        2
SLIT2-PLAG1       3
SLIT2-PLCG1       2
SLIT2-PML         2
SLIT2-PMS1        3
SLIT2-PMS2        2
SLIT2-POLD1       2
SLIT2-POLE        2
SLIT2-POLG        3
SLIT2-POLQ        3
SLIT2-POT1        3
SLIT2-POU2AF1     3
SLIT2-POU5F1      3
SLIT2-PPARG       3
SLIT2-PPFIBP1     3
SLIT2-PPM1D       2
SLIT2-PPP2R1A     3
SLIT2-PPP6C       2
SLIT2-PRCC        3
SLIT2-PRDM1       3
SLIT2-PRDM16      3
SLIT2-PRDM2       3
SLIT2-PREX2       2
SLIT2-PRF1        3
SLIT2-PRKACA      2
SLIT2-PRKAR1A     3
SLIT2-PRKCB       3
SLIT2-PRPF40B     4
SLIT2-PRRX1       3
SLIT2-PSIP1       3
SLIT2-PTCH1       3
SLIT2-PTEN        2
SLIT2-PTK6        3
SLIT2-PTPN11      2
SLIT2-PTPN13      3
SLIT2-PTPN6       2
SLIT2-PTPRB       3
SLIT2-PTPRC       3
SLIT2-PTPRD       3
SLIT2-PTPRK       3
SLIT2-PTPRT       4
SLIT2-PWWP2A      3
SLIT2-QKI         3
SLIT2-RABEP1      3
SLIT2-RAC1        1
SLIT2-RAD17       3
SLIT2-RAD21       2
SLIT2-RAF1        2
SLIT2-RALGDS      2
SLIT2-RANBP2      2
SLIT2-RAP1GDS1    2
SLIT2-RARA        3
SLIT2-RB1         2
SLIT2-RBM10       3
SLIT2-RBM15       2
SLIT2-RECQL4      3
SLIT2-REL         2
SLIT2-RET         3
SLIT2-RFWD3       3
SLIT2-RGS7        3
SLIT2-RHOA        2
SLIT2-RHOH        3
SLIT2-RMI2        4
SLIT2-RNF213      3
SLIT2-RNF43       3
SLIT2-ROBO2       1
SLIT2-ROS1        2
SLIT2-RPL10       2
SLIT2-RPL22       2
SLIT2-RPL5        2
SLIT2-RPN1        2
SLIT2-RSPO2       3
SLIT2-RSPO3       4
SLIT2-RUNX1       3
SLIT2-RUNX1T1     3
SLIT2-S100A7      3
SLIT2-SALL4       3
SLIT2-SBDS        3
SLIT2-SDC4        2
SLIT2-SDHA        3
SLIT2-SDHAF2      3
SLIT2-SDHB        3
SLIT2-SDHC        3
SLIT2-SDHD        3
SLIT2-SEPT5       3
SLIT2-SEPT6       3
SLIT2-SEPT9       2
SLIT2-SET         2
SLIT2-SETBP1      3
SLIT2-SETD1B      3
SLIT2-SETD2       3
SLIT2-SETDB1      2
SLIT2-SF3B1       2
SLIT2-SFPQ        2
SLIT2-SFRP4       3
SLIT2-SGK1        3
SLIT2-SH2B3       3
SLIT2-SH3GL1      3
SLIT2-SIRPA       3
SLIT2-SIX1        3
SLIT2-SIX2        3
SLIT2-SKI         2
SLIT2-SLC34A2     3
SLIT2-SLC45A3     4
SLIT2-SMAD2       2
SLIT2-SMAD3       2
SLIT2-SMAD4       2
SLIT2-SMARCA4     2
SLIT2-SMARCB1     2
SLIT2-SMARCD1     3
SLIT2-SMARCE1     3
SLIT2-SMC1A       3
SLIT2-SMO         3
SLIT2-SND1        3
SLIT2-SOCS1       3
SLIT2-SOX2        3
SLIT2-SPEN        3
SLIT2-SPOP        3
SLIT2-SRC         2
SLIT2-SRGAP3      3
SLIT2-SRSF2       3
SLIT2-SRSF3       3
SLIT2-SS18        3
SLIT2-SS18L1      3
SLIT2-SSX1        4
SLIT2-SSX2        3
SLIT2-SSX4        3
SLIT2-STAG1       3
SLIT2-STAG2       3
SLIT2-STAT3       2
SLIT2-STAT5B      3
SLIT2-STAT6       3
SLIT2-STIL        3
SLIT2-STK11       2
SLIT2-STRN        3
SLIT2-SUFU        3
SLIT2-SUZ12       3
SLIT2-SYK         2
SLIT2-TAF15       3
SLIT2-TAL1        3
SLIT2-TAL2        3
SLIT2-TBL1XR1     3
SLIT2-TBX3        3
SLIT2-TCEA1       3
SLIT2-TCF12       3
SLIT2-TCF3        3
SLIT2-TCF7L2      2
SLIT2-TCL1A       3
SLIT2-TEC         2
SLIT2-TERT        2
SLIT2-TET2        4
SLIT2-TFE3        3
SLIT2-TFEB        4
SLIT2-TFG         3
SLIT2-TFPT        3
SLIT2-TFRC        2
SLIT2-TGFBR2      2
SLIT2-THRAP3      3
SLIT2-TLX1        3
SLIT2-TLX3        3
SLIT2-TMEM127     3
SLIT2-TMPRSS2     3
SLIT2-TNC         3
SLIT2-TNFAIP3     3
SLIT2-TNFRSF14    3
SLIT2-TNFRSF17    3
SLIT2-TOP1        2
SLIT2-TP53        2
SLIT2-TP63        3
SLIT2-TPM3        3
SLIT2-TPM4        3
SLIT2-TPR         3
SLIT2-TRAF7       3
SLIT2-TRIM24      3
SLIT2-TRIM27      3
SLIT2-TRIM33      2
SLIT2-TRIP11      3
SLIT2-TRRAP       2
SLIT2-TSC1        3
SLIT2-TSC2        2
SLIT2-TSHR        3
SLIT2-U2AF1       3
SLIT2-UBR5        3
SLIT2-USP44       3
SLIT2-USP6        3
SLIT2-USP8        3
SLIT2-VAV1        2
SLIT2-VHL         3
SLIT2-VTI1A       3
SLIT2-WAS         2
SLIT2-WIF1        3
SLIT2-WNK2        3
SLIT2-WRN         3
SLIT2-WT1         3
SLIT2-WWTR1       3
SLIT2-XPA         3
SLIT2-XPC         3
SLIT2-XPO1        2
SLIT2-YWHAE       2
SLIT2-ZBTB16      3
SLIT2-ZCCHC8      3
SLIT2-ZEB1        3
SLIT2-ZFHX3       3
SLIT2-ZMYM2       3
SLIT2-ZMYM3       3
SLIT2-ZNF331      2
SLIT2-ZNF384      3
SLIT2-ZNF429      4
SLIT2-ZNF521      3
SLIT2-ZNRF3       4