ZNF384-A1CF       4
ZNF384-ABI1       3
ZNF384-ABL1       2
ZNF384-ABL2       3
ZNF384-ACKR3      4
ZNF384-ACSL3      2
ZNF384-ACSL6      3
ZNF384-ACVR1      2
ZNF384-ACVR2A     3
ZNF384-AFF1       3
ZNF384-AFF3       3
ZNF384-AFF4       3
ZNF384-AKAP9      3
ZNF384-AKT1       2
ZNF384-AKT2       3
ZNF384-AKT3       3
ZNF384-ALDH2      3
ZNF384-ALK        3
ZNF384-AMER1      3
ZNF384-ANK1       3
ZNF384-APC        3
ZNF384-APOBEC3B   3
ZNF384-AR         2
ZNF384-ARAF       2
ZNF384-ARHGAP26   3
ZNF384-ARHGAP5    3
ZNF384-ARHGEF10   4
ZNF384-ARHGEF10L  3
ZNF384-ARHGEF12   3
ZNF384-ARID1A     3
ZNF384-ARID1B     3
ZNF384-ARID2      3
ZNF384-ARNT       3
ZNF384-ASPSCR1    2
ZNF384-ASXL1      2
ZNF384-ASXL2      4
ZNF384-ATF1       2
ZNF384-ATIC       3
ZNF384-ATM        3
ZNF384-ATP1A1     3
ZNF384-ATP2B3     3
ZNF384-ATR        2
ZNF384-ATRX       3
ZNF384-AXIN1      3
ZNF384-AXIN2      3
ZNF384-B2M        3
ZNF384-BAP1       3
ZNF384-BARD1      3
ZNF384-BAX        3
ZNF384-BAZ1A      3
ZNF384-BCL10      3
ZNF384-BCL11A     2
ZNF384-BCL11B     3
ZNF384-BCL2       3
ZNF384-BCL2L12    2
ZNF384-BCL3       2
ZNF384-BCL6       3
ZNF384-BCL7A      3
ZNF384-BCL9       3
ZNF384-BCL9L      4
ZNF384-BCLAF1     2
ZNF384-BCOR       3
ZNF384-BCORL1     3
ZNF384-BCR        2
ZNF384-BIRC3      3
ZNF384-BIRC6      3
ZNF384-BLM        3
ZNF384-BMP5       3
ZNF384-BMPR1A     3
ZNF384-BRAF       3
ZNF384-BRCA1      2
ZNF384-BRCA2      2
ZNF384-BRD3       3
ZNF384-BRD4       3
ZNF384-BRIP1      3
ZNF384-BTG1       3
ZNF384-BTK        2
ZNF384-BUB1B      3
ZNF384-CACNA1D    3
ZNF384-CALR       3
ZNF384-CAMTA1     3
ZNF384-CANT1      3
ZNF384-CARD11     3
ZNF384-CARS       2
ZNF384-CASP3      2
ZNF384-CASP8      2
ZNF384-CASP9      2
ZNF384-CBFA2T3    3
ZNF384-CBFB       3
ZNF384-CBL        2
ZNF384-CBLB       3
ZNF384-CBLC       3
ZNF384-CCDC6      3
ZNF384-CCNB1IP1   3
ZNF384-CCNC       3
ZNF384-CCND1      3
ZNF384-CCND2      3
ZNF384-CCND3      2
ZNF384-CCNE1      3
ZNF384-CCR4       3
ZNF384-CCR7       3
ZNF384-CD209      3
ZNF384-CD274      3
ZNF384-CD28       3
ZNF384-CD74       3
ZNF384-CD79A      3
ZNF384-CD79B      3
ZNF384-CDC73      3
ZNF384-CDH1       3
ZNF384-CDH10      3
ZNF384-CDH11      3
ZNF384-CDH17      3
ZNF384-CDK12      3
ZNF384-CDK4       3
ZNF384-CDK6       2
ZNF384-CDKN1A     2
ZNF384-CDKN1B     3
ZNF384-CDKN2A     2
ZNF384-CDKN2C     3
ZNF384-CDX2       3
ZNF384-CEBPA      2
ZNF384-CHCHD7     3
ZNF384-CHD2       2
ZNF384-CHD4       3
ZNF384-CHEK2      3
ZNF384-CHIC2      3
ZNF384-CHST11     3
ZNF384-CIC        3
ZNF384-CIITA      3
ZNF384-CLIP1      3
ZNF384-CLP1       3
ZNF384-CLTC       2
ZNF384-CLTCL1     3
ZNF384-CNBP       3
ZNF384-CNOT3      3
ZNF384-CNTNAP2    3
ZNF384-CNTRL      3
ZNF384-COL1A1     1
ZNF384-COL2A1     2
ZNF384-COL3A1     2
ZNF384-COX6C      3
ZNF384-CPEB3      4
ZNF384-CREB1      2
ZNF384-CREB3L1    3
ZNF384-CREB3L2    2
ZNF384-CREBBP     2
ZNF384-CRLF2      4
ZNF384-CRNKL1     4
ZNF384-CRTC1      3
ZNF384-CRTC3      3
ZNF384-CSF1R      3
ZNF384-CSF3R      3
ZNF384-CSMD3      3
ZNF384-CTCF       2
ZNF384-CTNNA2     3
ZNF384-CTNNB1     2
ZNF384-CTNND1     2
ZNF384-CTNND2     3
ZNF384-CUL3       3
ZNF384-CUX1       3
ZNF384-CXCR4      3
ZNF384-CYLD       3
ZNF384-CYP2C8     3
ZNF384-CYSLTR2    3
ZNF384-DAXX       3
ZNF384-DCC        3
ZNF384-DCTN1      2
ZNF384-DDB2       3
ZNF384-DDIT3      2
ZNF384-DDR2       2
ZNF384-DDX10      3
ZNF384-DDX3X      3
ZNF384-DDX5       2
ZNF384-DDX6       3
ZNF384-DEK        3
ZNF384-DGCR8      3
ZNF384-DICER1     3
ZNF384-DNAJB1     3
ZNF384-DNM2       3
ZNF384-DNMT3A     3
ZNF384-DROSHA     3
ZNF384-EBF1       3
ZNF384-EED        3
ZNF384-EGFR       3
ZNF384-EIF1AX     4
ZNF384-EIF3E      3
ZNF384-EIF4A2     2
ZNF384-ELF3       3
ZNF384-ELF4       3
ZNF384-ELK4       1
ZNF384-ELL        3
ZNF384-ELN        3
ZNF384-EML4       4
ZNF384-EP300      2
ZNF384-EPAS1      3
ZNF384-EPHA3      3
ZNF384-EPHA7      3
ZNF384-EPS15      3
ZNF384-ERBB2      3
ZNF384-ERBB3      2
ZNF384-ERBB4      3
ZNF384-ERC1       3
ZNF384-ERCC2      3
ZNF384-ERCC3      3
ZNF384-ERCC4      2
ZNF384-ERCC5      2
ZNF384-ERG        3
ZNF384-ESR1       2
ZNF384-ETNK1      3
ZNF384-ETV1       3
ZNF384-ETV4       3
ZNF384-ETV5       3
ZNF384-ETV6       3
ZNF384-EWSR1      2
ZNF384-EXT1       3
ZNF384-EXT2       3
ZNF384-EZH2       3
ZNF384-EZR        3
ZNF384-FAM135B    4
ZNF384-FANCA      3
ZNF384-FANCC      3
ZNF384-FANCD2     2
ZNF384-FANCE      3
ZNF384-FANCF      3
ZNF384-FANCG      3
ZNF384-FAS        3
ZNF384-FAT1       3
ZNF384-FAT3       3
ZNF384-FAT4       3
ZNF384-FBLN2      3
ZNF384-FBXO11     3
ZNF384-FBXW7      3
ZNF384-FCGR2B     3
ZNF384-FEN1       2
ZNF384-FES        2
ZNF384-FEV        3
ZNF384-FGFR1      3
ZNF384-FGFR1OP    3
ZNF384-FGFR2      2
ZNF384-FGFR3      3
ZNF384-FGFR4      2
ZNF384-FH         3
ZNF384-FHIT       3
ZNF384-FIP1L1     2
ZNF384-FLCN       3
ZNF384-FLI1       3
ZNF384-FLNA       3
ZNF384-FLT3       3
ZNF384-FLT4       3
ZNF384-FNBP1      3
ZNF384-FOXA1      2
ZNF384-FOXL2      3
ZNF384-FOXO1      3
ZNF384-FOXO3      3
ZNF384-FOXO4      3
ZNF384-FOXP1      3
ZNF384-FOXR1      3
ZNF384-FSTL3      3
ZNF384-FUBP1      2
ZNF384-FUS        2
ZNF384-GAS7       3
ZNF384-GATA1      2
ZNF384-GATA2      2
ZNF384-GATA3      3
ZNF384-GLI1       3
ZNF384-GMPS       3
ZNF384-GNA11      3
ZNF384-GNAQ       3
ZNF384-GNAS       3
ZNF384-GOLGA5     2
ZNF384-GOPC       2
ZNF384-GPC3       3
ZNF384-GPC5       3
ZNF384-GPHN       3
ZNF384-GRIN2A     3
ZNF384-GRM3       4
ZNF384-H3F3A      3
ZNF384-H3F3B      3
ZNF384-HERPUD1    3
ZNF384-HEY1       3
ZNF384-HIF1A      3
ZNF384-HIP1       3
ZNF384-HIST1H3B   3
ZNF384-HIST1H4I   3
ZNF384-HLA-A      3
ZNF384-HLF        3
ZNF384-HMGA1      2
ZNF384-HMGA2      3
ZNF384-HNF1A      3
ZNF384-HNRNPA2B1  2
ZNF384-HOOK3      3
ZNF384-HOXA11     3
ZNF384-HOXA13     3
ZNF384-HOXA9      3
ZNF384-HOXC11     3
ZNF384-HOXC13     2
ZNF384-HOXD11     3
ZNF384-HOXD13     3
ZNF384-HRAS       3
ZNF384-HSP90AA1   2
ZNF384-HSP90AB1   2
ZNF384-ID3        2
ZNF384-IDH1       3
ZNF384-IDH2       3
ZNF384-IGF2BP2    3
ZNF384-IKBKB      2
ZNF384-IKZF1      3
ZNF384-IL2        3
ZNF384-IL21R      3
ZNF384-IL6ST      3
ZNF384-IL7R       3
ZNF384-IRF4       2
ZNF384-IRS4       3
ZNF384-ITGAV      2
ZNF384-ITK        3
ZNF384-JAK1       3
ZNF384-JAK2       3
ZNF384-JAK3       3
ZNF384-JAZF1      3
ZNF384-JUN        2
ZNF384-KAT6A      3
ZNF384-KAT6B      3
ZNF384-KAT7       3
ZNF384-KCNJ5      4
ZNF384-KDM5A      2
ZNF384-KDM5C      3
ZNF384-KDM6A      3
ZNF384-KDR        3
ZNF384-KDSR       3
ZNF384-KEAP1      2
ZNF384-KIAA1549   3
ZNF384-KIF5B      3
ZNF384-KIT        3
ZNF384-KLF4       3
ZNF384-KLF6       3
ZNF384-KLK2       3
ZNF384-KMT2C      4
ZNF384-KMT2D      4
ZNF384-KNSTRN     4
ZNF384-KRAS       3
ZNF384-KTN1       3
ZNF384-LARP4B     4
ZNF384-LASP1      2
ZNF384-LATS1      2
ZNF384-LATS2      3
ZNF384-LCK        2
ZNF384-LCP1       3
ZNF384-LEF1       3
ZNF384-LEPROTL1   4
ZNF384-LIFR       3
ZNF384-LMNA       2
ZNF384-LMO1       3
ZNF384-LMO2       3
ZNF384-LPP        3
ZNF384-LRP1B      4
ZNF384-LYL1       3
ZNF384-LZTR1      3
ZNF384-MACC1      3
ZNF384-MAF        3
ZNF384-MAFB       3
ZNF384-MALAT1     2
ZNF384-MALT1      3
ZNF384-MAML2      3
ZNF384-MAP2K1     3
ZNF384-MAP2K2     3
ZNF384-MAP2K4     3
ZNF384-MAP3K1     3
ZNF384-MAP3K13    2
ZNF384-MAPK1      2
ZNF384-MAX        3
ZNF384-MDM2       3
ZNF384-MDM4       3
ZNF384-MDS2       3
ZNF384-MECOM      3
ZNF384-MED12      3
ZNF384-MEN1       2
ZNF384-MET        3
ZNF384-MGMT       2
ZNF384-MITF       3
ZNF384-MLF1       3
ZNF384-MLH1       3
ZNF384-MLLT1      3
ZNF384-MLLT10     2
ZNF384-MLLT11     3
ZNF384-MLLT3      3
ZNF384-MLLT6      2
ZNF384-MN1        3
ZNF384-MNX1       3
ZNF384-MPL        3
ZNF384-MSH2       3
ZNF384-MSH6       3
ZNF384-MSI2       4
ZNF384-MSN        3
ZNF384-MTCP1      3
ZNF384-MTOR       2
ZNF384-MUC1       3
ZNF384-MUC16      4
ZNF384-MUC4       4
ZNF384-MUTYH      3
ZNF384-MYB        2
ZNF384-MYC        2
ZNF384-MYCN       3
ZNF384-MYD88      3
ZNF384-MYH11      3
ZNF384-MYH9       3
ZNF384-MYO5A      3
ZNF384-MYOD1      3
ZNF384-N4BP2      3
ZNF384-NAB2       2
ZNF384-NACA       2
ZNF384-NBEA       3
ZNF384-NBN        3
ZNF384-NCKIPSD    3
ZNF384-NCOA1      3
ZNF384-NCOA2      3
ZNF384-NCOA4      3
ZNF384-NCOR1      3
ZNF384-NCOR2      3
ZNF384-NDRG1      3
ZNF384-NF1        3
ZNF384-NF2        3
ZNF384-NFATC2     2
ZNF384-NFE2L2     2
ZNF384-NFIB       3
ZNF384-NFKB2      3
ZNF384-NFKBIE     3
ZNF384-NIN        3
ZNF384-NKX2-1     3
ZNF384-NONO       3
ZNF384-NOTCH1     3
ZNF384-NOTCH2     3
ZNF384-NPM1       3
ZNF384-NR4A3      3
ZNF384-NRAS       3
ZNF384-NRG1       3
ZNF384-NSD1       3
ZNF384-NT5C2      3
ZNF384-NTHL1      3
ZNF384-NTRK1      3
ZNF384-NTRK3      2
ZNF384-NUMA1      3
ZNF384-NUP214     2
ZNF384-NUP98      3
ZNF384-OLIG2      3
ZNF384-OMD        3
ZNF384-P2RY8      3
ZNF384-PABPC1     2
ZNF384-PAFAH1B2   2
ZNF384-PALB2      2
ZNF384-PATZ1      3
ZNF384-PAX3       3
ZNF384-PAX5       3
ZNF384-PAX7       3
ZNF384-PAX8       3
ZNF384-PBRM1      2
ZNF384-PBX1       3
ZNF384-PCBP1      1
ZNF384-PCM1       2
ZNF384-PDCD1LG2   3
ZNF384-PDE4DIP    2
ZNF384-PDGFB      2
ZNF384-PDGFRA     2
ZNF384-PDGFRB     3
ZNF384-PER1       3
ZNF384-PHOX2B     3
ZNF384-PICALM     3
ZNF384-PIK3CA     3
ZNF384-PIK3CB     3
ZNF384-PIK3R1     3
ZNF384-PIM1       2
ZNF384-PLAG1      3
ZNF384-PLCG1      3
ZNF384-PML        3
ZNF384-PMS1       3
ZNF384-PMS2       3
ZNF384-POLD1      3
ZNF384-POLE       3
ZNF384-POLG       3
ZNF384-POLQ       3
ZNF384-POT1       2
ZNF384-POU2AF1    3
ZNF384-POU5F1     3
ZNF384-PPARG      2
ZNF384-PPFIBP1    3
ZNF384-PPM1D      3
ZNF384-PPP2R1A    3
ZNF384-PPP6C      3
ZNF384-PRCC       3
ZNF384-PRDM1      3
ZNF384-PRDM16     3
ZNF384-PRDM2      3
ZNF384-PREX2      4
ZNF384-PRF1       4
ZNF384-PRKACA     2
ZNF384-PRKAR1A    2
ZNF384-PRKCB      3
ZNF384-PRPF40B    3
ZNF384-PRRX1      3
ZNF384-PSIP1      3
ZNF384-PTCH1      3
ZNF384-PTEN       2
ZNF384-PTK6       3
ZNF384-PTPN11     2
ZNF384-PTPN13     3
ZNF384-PTPN6      3
ZNF384-PTPRB      3
ZNF384-PTPRC      3
ZNF384-PTPRD      3
ZNF384-PTPRK      3
ZNF384-PTPRT      5
ZNF384-PWWP2A     3
ZNF384-QKI        2
ZNF384-RABEP1     3
ZNF384-RAC1       3
ZNF384-RAD17      3
ZNF384-RAD21      2
ZNF384-RAF1       2
ZNF384-RALGDS     3
ZNF384-RANBP2     2
ZNF384-RAP1GDS1   3
ZNF384-RARA       2
ZNF384-RB1        2
ZNF384-RBM10      3
ZNF384-RBM15      3
ZNF384-RECQL4     3
ZNF384-REL        2
ZNF384-RET        2
ZNF384-RFWD3      3
ZNF384-RGS7       3
ZNF384-RHOA       3
ZNF384-RHOH       3
ZNF384-RMI2       4
ZNF384-RNF213     3
ZNF384-RNF43      3
ZNF384-ROBO2      3
ZNF384-ROS1       3
ZNF384-RPL10      2
ZNF384-RPL22      2
ZNF384-RPL5       3
ZNF384-RPN1       3
ZNF384-RSPO2      3
ZNF384-RSPO3      4
ZNF384-RUNX1      3
ZNF384-RUNX1T1    3
ZNF384-S100A7     3
ZNF384-SALL4      3
ZNF384-SBDS       3
ZNF384-SDC4       3
ZNF384-SDHA       3
ZNF384-SDHAF2     2
ZNF384-SDHB       3
ZNF384-SDHC       3
ZNF384-SDHD       2
ZNF384-SEPT5      2
ZNF384-SEPT6      3
ZNF384-SEPT9      3
ZNF384-SET        2
ZNF384-SETBP1     3
ZNF384-SETD1B     3
ZNF384-SETD2      3
ZNF384-SETDB1     2
ZNF384-SF3B1      3
ZNF384-SFPQ       3
ZNF384-SFRP4      3
ZNF384-SGK1       3
ZNF384-SH2B3      3
ZNF384-SH3GL1     2
ZNF384-SIRPA      3
ZNF384-SIX1       3
ZNF384-SIX2       3
ZNF384-SKI        3
ZNF384-SLC34A2    3
ZNF384-SLC45A3    3
ZNF384-SMAD2      3
ZNF384-SMAD3      2
ZNF384-SMAD4      3
ZNF384-SMARCA4    2
ZNF384-SMARCB1    3
ZNF384-SMARCD1    3
ZNF384-SMARCE1    3
ZNF384-SMC1A      3
ZNF384-SMO        3
ZNF384-SND1       3
ZNF384-SOCS1      3
ZNF384-SOX2       3
ZNF384-SPEN       3
ZNF384-SPOP       3
ZNF384-SRC        2
ZNF384-SRGAP3     4
ZNF384-SRSF2      2
ZNF384-SRSF3      2
ZNF384-SS18       3
ZNF384-SS18L1     3
ZNF384-SSX1       3
ZNF384-SSX2       3
ZNF384-SSX4       2
ZNF384-STAG1      3
ZNF384-STAG2      3
ZNF384-STAT3      3
ZNF384-STAT5B     3
ZNF384-STAT6      2
ZNF384-STIL       3
ZNF384-STK11      3
ZNF384-STRN       3
ZNF384-SUFU       3
ZNF384-SUZ12      2
ZNF384-SYK        2
ZNF384-TAF15      1
ZNF384-TAL1       2
ZNF384-TAL2       3
ZNF384-TBL1XR1    3
ZNF384-TBX3       3
ZNF384-TCEA1      2
ZNF384-TCF12      3
ZNF384-TCF3       3
ZNF384-TCF7L2     3
ZNF384-TCL1A      3
ZNF384-TEC        3
ZNF384-TERT       3
ZNF384-TET2       3
ZNF384-TFE3       3
ZNF384-TFEB       4
ZNF384-TFG        3
ZNF384-TFPT       2
ZNF384-TFRC       3
ZNF384-TGFBR2     3
ZNF384-THRAP3     2
ZNF384-TLX1       3
ZNF384-TLX3       3
ZNF384-TMEM127    2
ZNF384-TMPRSS2    3
ZNF384-TNC        3
ZNF384-TNFAIP3    3
ZNF384-TNFRSF14   2
ZNF384-TNFRSF17   3
ZNF384-TOP1       3
ZNF384-TP53       2
ZNF384-TP63       3
ZNF384-TPM3       2
ZNF384-TPM4       2
ZNF384-TPR        3
ZNF384-TRAF7      3
ZNF384-TRIM24     3
ZNF384-TRIM27     3
ZNF384-TRIM33     2
ZNF384-TRIP11     3
ZNF384-TRRAP      3
ZNF384-TSC1       2
ZNF384-TSC2       3
ZNF384-TSHR       3
ZNF384-U2AF1      2
ZNF384-UBR5       3
ZNF384-USP44      3
ZNF384-USP6       3
ZNF384-USP8       3
ZNF384-VAV1       2
ZNF384-VHL        3
ZNF384-VTI1A      2
ZNF384-WAS        3
ZNF384-WIF1       2
ZNF384-WNK2       3
ZNF384-WRN        3
ZNF384-WT1        3
ZNF384-WWTR1      3
ZNF384-XPA        2
ZNF384-XPC        3
ZNF384-XPO1       3
ZNF384-YWHAE      2
ZNF384-ZBTB16     3
ZNF384-ZCCHC8     3
ZNF384-ZEB1       2
ZNF384-ZFHX3      3
ZNF384-ZMYM2      2
ZNF384-ZMYM3      3
ZNF384-ZNF331     3
ZNF384-ZNF384     0
ZNF384-ZNF429     4
ZNF384-ZNF521     4
ZNF384-ZNRF3      3
OXCT2-A1CF        4
OXCT2-ABI1        3
OXCT2-ABL1        3
OXCT2-ABL2        4
OXCT2-ACKR3       4
OXCT2-ACSL3       3
OXCT2-ACSL6       3
OXCT2-ACVR1       3
OXCT2-ACVR2A      4
OXCT2-AFF1        3
OXCT2-AFF3        4
OXCT2-AFF4        4
OXCT2-AKAP9       4
OXCT2-AKT1        3
OXCT2-AKT2        4
OXCT2-AKT3        4
OXCT2-ALDH2       2
OXCT2-ALK         4
OXCT2-AMER1       3
OXCT2-ANK1        4
OXCT2-APC         3
OXCT2-APOBEC3B    4
OXCT2-AR          3
OXCT2-ARAF        3
OXCT2-ARHGAP26    4
OXCT2-ARHGAP5     4
OXCT2-ARHGEF10    4
OXCT2-ARHGEF10L   4
OXCT2-ARHGEF12    4
OXCT2-ARID1A      3
OXCT2-ARID1B      4
OXCT2-ARID2       3
OXCT2-ARNT        3
OXCT2-ASPSCR1     3
OXCT2-ASXL1       4
OXCT2-ASXL2       4
OXCT2-ATF1        3
OXCT2-ATIC        3
OXCT2-ATM         3
OXCT2-ATP1A1      3
OXCT2-ATP2B3      4
OXCT2-ATR         3
OXCT2-ATRX        4
OXCT2-AXIN1       3
OXCT2-AXIN2       3
OXCT2-B2M         3
OXCT2-BAP1        4
OXCT2-BARD1       3
OXCT2-BAX         3
OXCT2-BAZ1A       4
OXCT2-BCL10       3
OXCT2-BCL11A      3
OXCT2-BCL11B      3
OXCT2-BCL2        3
OXCT2-BCL2L12     3
OXCT2-BCL3        3
OXCT2-BCL6        3
OXCT2-BCL7A       4
OXCT2-BCL9        4
OXCT2-BCL9L       4
OXCT2-BCLAF1      3
OXCT2-BCOR        3
OXCT2-BCORL1      3
OXCT2-BCR         3
OXCT2-BIRC3       3
OXCT2-BIRC6       3
OXCT2-BLM         3
OXCT2-BMP5        4
OXCT2-BMPR1A      4
OXCT2-BRAF        3
OXCT2-BRCA1       3
OXCT2-BRCA2       3
OXCT2-BRD3        4
OXCT2-BRD4        4
OXCT2-BRIP1       3
OXCT2-BTG1        3
OXCT2-BTK         3
OXCT2-BUB1B       3
OXCT2-CACNA1D     4
OXCT2-CALR        3
OXCT2-CAMTA1      3
OXCT2-CANT1       4
OXCT2-CARD11      3
OXCT2-CARS        4
OXCT2-CASP3       3
OXCT2-CASP8       3
OXCT2-CASP9       3
OXCT2-CBFA2T3     3
OXCT2-CBFB        3
OXCT2-CBL         3
OXCT2-CBLB        3
OXCT2-CBLC        3
OXCT2-CCDC6       3
OXCT2-CCNB1IP1    4
OXCT2-CCNC        3
OXCT2-CCND1       3
OXCT2-CCND2       3
OXCT2-CCND3       3
OXCT2-CCNE1       3
OXCT2-CCR4        4
OXCT2-CCR7        3
OXCT2-CD209       4
OXCT2-CD274       3
OXCT2-CD28        4
OXCT2-CD74        3
OXCT2-CD79A       3
OXCT2-CD79B       4
OXCT2-CDC73       3
OXCT2-CDH1        3
OXCT2-CDH10       4
OXCT2-CDH11       4
OXCT2-CDH17       4
OXCT2-CDK12       3
OXCT2-CDK4        3
OXCT2-CDK6        3
OXCT2-CDKN1A      3
OXCT2-CDKN1B      3
OXCT2-CDKN2A      3
OXCT2-CDKN2C      3
OXCT2-CDX2        2
OXCT2-CEBPA       3
OXCT2-CHCHD7      4
OXCT2-CHD2        3
OXCT2-CHD4        3
OXCT2-CHEK2       3
OXCT2-CHIC2       4
OXCT2-CHST11      4
OXCT2-CIC         3
OXCT2-CIITA       3
OXCT2-CLIP1       4
OXCT2-CLP1        4
OXCT2-CLTC        3
OXCT2-CLTCL1      3
OXCT2-CNBP        4
OXCT2-CNOT3       3
OXCT2-CNTNAP2     4
OXCT2-CNTRL       4
OXCT2-COL1A1      3
OXCT2-COL2A1      4
OXCT2-COL3A1      3
OXCT2-COX6C       4
OXCT2-CPEB3       5
OXCT2-CREB1       3
OXCT2-CREB3L1     4
OXCT2-CREB3L2     3
OXCT2-CREBBP      2
OXCT2-CRLF2       4
OXCT2-CRNKL1      4
OXCT2-CRTC1       3
OXCT2-CRTC3       4
OXCT2-CSF1R       3
OXCT2-CSF3R       3
OXCT2-CSMD3       3
OXCT2-CTCF        2
OXCT2-CTNNA2      4
OXCT2-CTNNB1      3
OXCT2-CTNND1      3
OXCT2-CTNND2      4
OXCT2-CUL3        3
OXCT2-CUX1        3
OXCT2-CXCR4       3
OXCT2-CYLD        3
OXCT2-CYP2C8      3
OXCT2-CYSLTR2     4
OXCT2-DAXX        3
OXCT2-DCC         3
OXCT2-DCTN1       3
OXCT2-DDB2        3
OXCT2-DDIT3       3
OXCT2-DDR2        4
OXCT2-DDX10       4
OXCT2-DDX3X       3
OXCT2-DDX5        3
OXCT2-DDX6        3
OXCT2-DEK         3
OXCT2-DGCR8       3
OXCT2-DICER1      4
OXCT2-DNAJB1      3
OXCT2-DNM2        3
OXCT2-DNMT3A      3
OXCT2-DROSHA      4
OXCT2-EBF1        3
OXCT2-EED         4
OXCT2-EGFR        2
OXCT2-EIF1AX      4
OXCT2-EIF3E       3
OXCT2-EIF4A2      3
OXCT2-ELF3        3
OXCT2-ELF4        3
OXCT2-ELK4        3
OXCT2-ELL         4
OXCT2-ELN         4
OXCT2-EML4        4
OXCT2-EP300       3
OXCT2-EPAS1       3
OXCT2-EPHA3       3
OXCT2-EPHA7       3
OXCT2-EPS15       3
OXCT2-ERBB2       3
OXCT2-ERBB3       3
OXCT2-ERBB4       3
OXCT2-ERC1        3
OXCT2-ERCC2       3
OXCT2-ERCC3       3
OXCT2-ERCC4       3
OXCT2-ERCC5       4
OXCT2-ERG         3
OXCT2-ESR1        3
OXCT2-ETNK1       4
OXCT2-ETV1        4
OXCT2-ETV4        3
OXCT2-ETV5        3
OXCT2-ETV6        3
OXCT2-EWSR1       3
OXCT2-EXT1        3
OXCT2-EXT2        3
OXCT2-EZH2        4
OXCT2-EZR         3
OXCT2-FAM135B     4
OXCT2-FANCA       2
OXCT2-FANCC       3
OXCT2-FANCD2      3
OXCT2-FANCE       3
OXCT2-FANCF       3
OXCT2-FANCG       2
OXCT2-FAS         3
OXCT2-FAT1        4
OXCT2-FAT3        4
OXCT2-FAT4        4
OXCT2-FBLN2       4
OXCT2-FBXO11      4
OXCT2-FBXW7       3
OXCT2-FCGR2B      3
OXCT2-FEN1        4
OXCT2-FES         4
OXCT2-FEV         4
OXCT2-FGFR1       2
OXCT2-FGFR1OP     4
OXCT2-FGFR2       4
OXCT2-FGFR3       4
OXCT2-FGFR4       3
OXCT2-FH          2
OXCT2-FHIT        4
OXCT2-FIP1L1      3
OXCT2-FLCN        4
OXCT2-FLI1        4
OXCT2-FLNA        3
OXCT2-FLT3        3
OXCT2-FLT4        4
OXCT2-FNBP1       4
OXCT2-FOXA1       2
OXCT2-FOXL2       4
OXCT2-FOXO1       3
OXCT2-FOXO3       3
OXCT2-FOXO4       3
OXCT2-FOXP1       3
OXCT2-FOXR1       4
OXCT2-FSTL3       4
OXCT2-FUBP1       3
OXCT2-FUS         3
OXCT2-GAS7        3
OXCT2-GATA1       3
OXCT2-GATA2       3
OXCT2-GATA3       3
OXCT2-GLI1        3
OXCT2-GMPS        4
OXCT2-GNA11       4
OXCT2-GNAQ        4
OXCT2-GNAS        3
OXCT2-GOLGA5      3
OXCT2-GOPC        4
OXCT2-GPC3        4
OXCT2-GPC5        4
OXCT2-GPHN        4
OXCT2-GRIN2A      3
OXCT2-GRM3        4
OXCT2-H3F3A       3
OXCT2-H3F3B       3
OXCT2-HERPUD1     3
OXCT2-HEY1        3
OXCT2-HIF1A       3
OXCT2-HIP1        4
OXCT2-HIST1H3B    3
OXCT2-HIST1H4I    3
OXCT2-HLA-A       3
OXCT2-HLF         3
OXCT2-HMGA1       3
OXCT2-HMGA2       3
OXCT2-HNF1A       3
OXCT2-HNRNPA2B1   3
OXCT2-HOOK3       4
OXCT2-HOXA11      3
OXCT2-HOXA13      4
OXCT2-HOXA9       3
OXCT2-HOXC11      3
OXCT2-HOXC13      4
OXCT2-HOXD11      4
OXCT2-HOXD13      3
OXCT2-HRAS        3
OXCT2-HSP90AA1    3
OXCT2-HSP90AB1    3
OXCT2-ID3         3
OXCT2-IDH1        3
OXCT2-IDH2        3
OXCT2-IGF2BP2     3
OXCT2-IKBKB       3
OXCT2-IKZF1       3
OXCT2-IL2         3
OXCT2-IL21R       4
OXCT2-IL6ST       3
OXCT2-IL7R        3
OXCT2-IRF4        3
OXCT2-IRS4        3
OXCT2-ITGAV       4
OXCT2-ITK         3
OXCT2-JAK1        3
OXCT2-JAK2        3
OXCT2-JAK3        3
OXCT2-JAZF1       3
OXCT2-JUN         3
OXCT2-KAT6A       2
OXCT2-KAT6B       2
OXCT2-KAT7        4
OXCT2-KCNJ5       4
OXCT2-KDM5A       4
OXCT2-KDM5C       3
OXCT2-KDM6A       4
OXCT2-KDR         3
OXCT2-KDSR        4
OXCT2-KEAP1       3
OXCT2-KIAA1549    4
OXCT2-KIF5B       3
OXCT2-KIT         3
OXCT2-KLF4        3
OXCT2-KLF6        3
OXCT2-KLK2        4
OXCT2-KMT2C       4
OXCT2-KMT2D       4
OXCT2-KNSTRN      5
OXCT2-KRAS        3
OXCT2-KTN1        4
OXCT2-LARP4B      4
OXCT2-LASP1       4
OXCT2-LATS1       3
OXCT2-LATS2       4
OXCT2-LCK         3
OXCT2-LCP1        4
OXCT2-LEF1        3
OXCT2-LEPROTL1    5
OXCT2-LIFR        4
OXCT2-LMNA        3
OXCT2-LMO1        3
OXCT2-LMO2        3
OXCT2-LPP         4
OXCT2-LRP1B       3
OXCT2-LYL1        4
OXCT2-LZTR1       3
OXCT2-MACC1       4
OXCT2-MAF         3
OXCT2-MAFB        3
OXCT2-MALAT1      3
OXCT2-MALT1       3
OXCT2-MAML2       3
OXCT2-MAP2K1      3
OXCT2-MAP2K2      3
OXCT2-MAP2K4      3
OXCT2-MAP3K1      3
OXCT2-MAP3K13     3
OXCT2-MAPK1       3
OXCT2-MAX         3
OXCT2-MDM2        3
OXCT2-MDM4        3
OXCT2-MDS2        4
OXCT2-MECOM       3
OXCT2-MED12       3
OXCT2-MEN1        3
OXCT2-MET         3
OXCT2-MGMT        3
OXCT2-MITF        3
OXCT2-MLF1        4
OXCT2-MLH1        3
OXCT2-MLLT1       3
OXCT2-MLLT10      3
OXCT2-MLLT11      3
OXCT2-MLLT3       3
OXCT2-MLLT6       4
OXCT2-MN1         4
OXCT2-MNX1        4
OXCT2-MPL         4
OXCT2-MSH2        3
OXCT2-MSH6        3
OXCT2-MSI2        3
OXCT2-MSN         3
OXCT2-MTCP1       4
OXCT2-MTOR        3
OXCT2-MUC1        3
OXCT2-MUC16       4
OXCT2-MUC4        4
OXCT2-MUTYH       4
OXCT2-MYB         3
OXCT2-MYC         2
OXCT2-MYCN        3
OXCT2-MYD88       4
OXCT2-MYH11       3
OXCT2-MYH9        3
OXCT2-MYO5A       4
OXCT2-MYOD1       3
OXCT2-N4BP2       3
OXCT2-NAB2        3
OXCT2-NACA        3
OXCT2-NBEA        4
OXCT2-NBN         3
OXCT2-NCKIPSD     3
OXCT2-NCOA1       3
OXCT2-NCOA2       3
OXCT2-NCOA4       3
OXCT2-NCOR1       3
OXCT2-NCOR2       3
OXCT2-NDRG1       3
OXCT2-NF1         3
OXCT2-NF2         3
OXCT2-NFATC2      3
OXCT2-NFE2L2      3
OXCT2-NFIB        4
OXCT2-NFKB2       3
OXCT2-NFKBIE      3
OXCT2-NIN         4
OXCT2-NKX2-1      3
OXCT2-NONO        3
OXCT2-NOTCH1      3
OXCT2-NOTCH2      3
OXCT2-NPM1        3
OXCT2-NR4A3       4
OXCT2-NRAS        3
OXCT2-NRG1        3
OXCT2-NSD1        3
OXCT2-NT5C2       3
OXCT2-NTHL1       4
OXCT2-NTRK1       3
OXCT2-NTRK3       3
OXCT2-NUMA1       3
OXCT2-NUP214      3
OXCT2-NUP98       3
OXCT2-OLIG2       4
OXCT2-OMD         5
OXCT2-P2RY8       4
OXCT2-PABPC1      3
OXCT2-PAFAH1B2    4
OXCT2-PALB2       4
OXCT2-PATZ1       4
OXCT2-PAX3        3
OXCT2-PAX5        3
OXCT2-PAX7        3
OXCT2-PAX8        4
OXCT2-PBRM1       3
OXCT2-PBX1        3
OXCT2-PCBP1       3
OXCT2-PCM1        3
OXCT2-PDCD1LG2    3
OXCT2-PDE4DIP     3
OXCT2-PDGFB       3
OXCT2-PDGFRA      3
OXCT2-PDGFRB      3
OXCT2-PER1        4
OXCT2-PHOX2B      4
OXCT2-PICALM      4
OXCT2-PIK3CA      3
OXCT2-PIK3CB      3
OXCT2-PIK3R1      3
OXCT2-PIM1        3
OXCT2-PLAG1       4
OXCT2-PLCG1       3
OXCT2-PML         3
OXCT2-PMS1        3
OXCT2-PMS2        3
OXCT2-POLD1       3
OXCT2-POLE        3
OXCT2-POLG        4
OXCT2-POLQ        4
OXCT2-POT1        3
OXCT2-POU2AF1     4
OXCT2-POU5F1      3
OXCT2-PPARG       3
OXCT2-PPFIBP1     3
OXCT2-PPM1D       3
OXCT2-PPP2R1A     3
OXCT2-PPP6C       3
OXCT2-PRCC        3
OXCT2-PRDM1       3
OXCT2-PRDM16      4
OXCT2-PRDM2       4
OXCT2-PREX2       4
OXCT2-PRF1        4
OXCT2-PRKACA      3
OXCT2-PRKAR1A     3
OXCT2-PRKCB       3
OXCT2-PRPF40B     4
OXCT2-PRRX1       4
OXCT2-PSIP1       3
OXCT2-PTCH1       4
OXCT2-PTEN        3
OXCT2-PTK6        3
OXCT2-PTPN11      3
OXCT2-PTPN13      3
OXCT2-PTPN6       3
OXCT2-PTPRB       3
OXCT2-PTPRC       3
OXCT2-PTPRD       4
OXCT2-PTPRK       4
OXCT2-PTPRT       5
OXCT2-PWWP2A      3
OXCT2-QKI         3
OXCT2-RABEP1      3
OXCT2-RAC1        3
OXCT2-RAD17       3
OXCT2-RAD21       2
OXCT2-RAF1        3
OXCT2-RALGDS      3
OXCT2-RANBP2      3
OXCT2-RAP1GDS1    3
OXCT2-RARA        3
OXCT2-RB1         3
OXCT2-RBM10       4
OXCT2-RBM15       3
OXCT2-RECQL4      4
OXCT2-REL         3
OXCT2-RET         3
OXCT2-RFWD3       3
OXCT2-RGS7        3
OXCT2-RHOA        3
OXCT2-RHOH        3
OXCT2-RMI2        4
OXCT2-RNF213      3
OXCT2-RNF43       3
OXCT2-ROBO2       3
OXCT2-ROS1        3
OXCT2-RPL10       3
OXCT2-RPL22       3
OXCT2-RPL5        3
OXCT2-RPN1        3
OXCT2-RSPO2       3
OXCT2-RSPO3       5
OXCT2-RUNX1       3
OXCT2-RUNX1T1     3
OXCT2-S100A7      3
OXCT2-SALL4       4
OXCT2-SBDS        3
OXCT2-SDC4        3
OXCT2-SDHA        2
OXCT2-SDHAF2      3
OXCT2-SDHB        2
OXCT2-SDHC        2
OXCT2-SDHD        2
OXCT2-SEPT5       3
OXCT2-SEPT6       4
OXCT2-SEPT9       3
OXCT2-SET         3
OXCT2-SETBP1      3
OXCT2-SETD1B      4
OXCT2-SETD2       4
OXCT2-SETDB1      3
OXCT2-SF3B1       3
OXCT2-SFPQ        3
OXCT2-SFRP4       4
OXCT2-SGK1        3
OXCT2-SH2B3       3
OXCT2-SH3GL1      3
OXCT2-SIRPA       4
OXCT2-SIX1        4
OXCT2-SIX2        4
OXCT2-SKI         3
OXCT2-SLC34A2     4
OXCT2-SLC45A3     4
OXCT2-SMAD2       3
OXCT2-SMAD3       3
OXCT2-SMAD4       3
OXCT2-SMARCA4     3
OXCT2-SMARCB1     3
OXCT2-SMARCD1     3
OXCT2-SMARCE1     3
OXCT2-SMC1A       3
OXCT2-SMO         4
OXCT2-SND1        3
OXCT2-SOCS1       3
OXCT2-SOX2        4
OXCT2-SPEN        4
OXCT2-SPOP        3
OXCT2-SRC         3
OXCT2-SRGAP3      4
OXCT2-SRSF2       4
OXCT2-SRSF3       3
OXCT2-SS18        4
OXCT2-SS18L1      3
OXCT2-SSX1        5
OXCT2-SSX2        3
OXCT2-SSX4        3
OXCT2-STAG1       3
OXCT2-STAG2       3
OXCT2-STAT3       3
OXCT2-STAT5B      3
OXCT2-STAT6       3
OXCT2-STIL        4
OXCT2-STK11       2
OXCT2-STRN        4
OXCT2-SUFU        3
OXCT2-SUZ12       3
OXCT2-SYK         3
OXCT2-TAF15       3
OXCT2-TAL1        3
OXCT2-TAL2        4
OXCT2-TBL1XR1     3
OXCT2-TBX3        3
OXCT2-TCEA1       4
OXCT2-TCF12       3
OXCT2-TCF3        3
OXCT2-TCF7L2      3
OXCT2-TCL1A       4
OXCT2-TEC         3
OXCT2-TERT        3
OXCT2-TET2        4
OXCT2-TFE3        3
OXCT2-TFEB        4
OXCT2-TFG         4
OXCT2-TFPT        3
OXCT2-TFRC        3
OXCT2-TGFBR2      3
OXCT2-THRAP3      3
OXCT2-TLX1        4
OXCT2-TLX3        3
OXCT2-TMEM127     4
OXCT2-TMPRSS2     4
OXCT2-TNC         3
OXCT2-TNFAIP3     3
OXCT2-TNFRSF14    3
OXCT2-TNFRSF17    4
OXCT2-TOP1        3
OXCT2-TP53        3
OXCT2-TP63        3
OXCT2-TPM3        4
OXCT2-TPM4        4
OXCT2-TPR         3
OXCT2-TRAF7       3
OXCT2-TRIM24      3
OXCT2-TRIM27      3
OXCT2-TRIM33      3
OXCT2-TRIP11      4
OXCT2-TRRAP       3
OXCT2-TSC1        3
OXCT2-TSC2        3
OXCT2-TSHR        3
OXCT2-U2AF1       3
OXCT2-UBR5        3
OXCT2-USP44       4
OXCT2-USP6        3
OXCT2-USP8        3
OXCT2-VAV1        3
OXCT2-VHL         3
OXCT2-VTI1A       4
OXCT2-WAS         3
OXCT2-WIF1        4
OXCT2-WNK2        4
OXCT2-WRN         3
OXCT2-WT1         3
OXCT2-WWTR1       3
OXCT2-XPA         3
OXCT2-XPC         3
OXCT2-XPO1        3
OXCT2-YWHAE       3
OXCT2-ZBTB16      3
OXCT2-ZCCHC8      3
OXCT2-ZEB1        4
OXCT2-ZFHX3       3
OXCT2-ZMYM2       3
OXCT2-ZMYM3       4
OXCT2-ZNF331      3
OXCT2-ZNF384      4
OXCT2-ZNF429      4
OXCT2-ZNF521      4
OXCT2-ZNRF3       4