CDKN1A
PAX5
CDKN2A
LIFR
TFE3
COL3A1
IDH1
IDH2
ZMYM2
CREB3L2
HOXA11
HOXD13
MECOM
PBX1
KAT6A
KAT6B
MAML2
GLI1
FOXP1
FOXL2
HOXC11
CTNNB1
ZFHX3
KDR
ZEB1
LMO1
ZBTB16
TPR
STAG1
STAG2
AKT1
ETV6
SEPT9
DROSHA
LASP1
PCBP1
POU5F1
TPM3
PRDM2
TSC1
RECQL4
BCL11A
BCLAF1
KDM5A
PRCC
RPL10
FLNA
LMNA
MGMT
ETV1
PAX8
SALL4
SS18
SMAD3
SMARCE1
WAS
EZR
CDH1
MYH9
EWSR1
PBRM1
TFPT
TRRAP
CCND1
GOLGA5
NTRK3
POU2AF1
TFG
APC
CEBPA
GRIN2A
MSI2
SETDB1
FGFR2
NCOA1
NCOR1
HOXA13
PRDM16
DCTN1
NUMA1
TPM4
ASPSCR1
RAD21
CHEK2
FEV
FGFR1OP
IKBKB
NRAS
PER1
PRDM1
GATA2
SET
SMAD2
SSX4
TGFBR2
TRIM24
ZCCHC8
EIF4A2
SMAD4
SUFU
AFF4
MDM4
DNMT3A
EGFR
FIP1L1
HMGA1
MITF
NCOA4
PRKAR1A
SSX2
WWTR1
XPA
NOTCH1
NOTCH2
SDC4
NRG1
SOX2
PIK3CA
XPO1
VHL
STAT6
QKI
GNAS
PRKACA
RAF1
TSHR
ID3
TP63
CDK6
FGFR4
ARID1A
MYB
ELK4
CCR7
CHIC2
CXCR4
DDIT3
PDGFRB
PRKCB
MYC
LZTR1
SND1
STAT5B
RPN1
ATIC
CANT1
TCF3
EED
AR
HNF1A
LEF1
RUNX1
SIX1
AFF1
MAX
RB1
SS18L1
SUZ12
MLLT10
NSD1
AFF3
NF2
EPS15
ALDH2
HRAS
ERBB3
PIK3CB
BAP1
NCOR2
HSP90AB1
CREBBP
LCP1
MLH1
PMS2
FUBP1
DDX5
MSH2
MSH6
PABPC1
RANBP2
SMC1A
SRSF2
FGFR1
NCOA2
RHOA
CCND2
CCND3
RNF43
PMS1
BAX
BCL2
B2M
XPC
BRAF
EZH2
FANCA
FOXO1
FOXO3
FOXO4
JAK3
MAP2K4
MTCP1
PTEN
PTPN11
RALGDS
EBF1
TAL1
TSC2
USP8
AKT2
DAXX
ARNT
HIF1A
GATA1
CYP2C8
TNFAIP3
ALK
IRS4
MAP3K1
SOCS1
CBFA2T3
ZMYM3
CD79A
HERPUD1
RPL5
PPP2R1A
BUB1B
ESR1
GATA3
ANK1
DNAJB1
PML
IRF4
POT1
AXIN2
SEPT5
AXIN1
NFATC2
RARA
CDC73
DEK
HIP1
PICALM
IKZF1
CASP8
EP300
FOXA1
DDX3X
NONO
SF3B1
SFPQ
THRAP3
KIF5B
MUC1
NUP98
EPAS1
FCGR2B
FEN1
HOXC13
BLM
FANCF
FANCG
CDKN2C
NACA
TCF12
CALR
CNBP
KLF6
NF1
ABL1
GMPS
CCNE1
ERG
ETV5
IL6ST
SMARCD1
SPOP
GAS7
ATF1
ATRX
BCOR
CBFB
ETV4
MAP2K1
MAP2K2
U2AF1
FGFR3
KEAP1
ERBB2
WT1
NDRG1
ACVR1
RHOH
PTPN13
ARHGAP5
FAS
MSN
CUX1
ARHGEF12
AKT3
ARAF
BCR
BRD4
CBLB
ARID1B
FBXW7
BTK
HEY1
TFRC
BCL6
HLF
NFE2L2
CDK4
ERCC2
ERCC3
H3F3A
KDM6A
MEN1
PAX7
SETD1B
MYO5A
ASXL1
PPARG
CCDC6
EPHA3
EPHA7
FES
NBN
FANCD2
JAK2
LATS1
LCK
MAP3K13
MAF
ELF3
BRCA2
MAPK1
MET
CHD4
ERC1
PSIP1
WRN
ATP1A1
FANCC
POLD1
PDGFRA
PIM1
H3F3B
SPEN
FUS
ITGAV
MYCN
BARD1
SKI
SH3GL1
TCF7L2
PTK6
RAC1
RET
GPC5
NCKIPSD
EIF3E
TAF15
SYK
CIITA
IL21R
LYL1
MALAT1
RNF213
SH2B3
TRIM27
WIF1
CSF1R
BCL10
BIRC3
CARD11
IL2
MALT1
CD74
PDE4DIP
BCL11B
KRAS
CLP1
CYLD
DGCR8
RUNX1T1
ABL2
ATM
ATR
BCL3
HIST1H3B
HIST1H4I
HNRNPA2B1
N4BP2
NFKB2
BRCA1
CASP9
CBL
CDKN1B
TBL1XR1
CREB1
CTNND1
DDB2
HOXA9
POLG
HSP90AA1
JAK1
LMO2
COL1A1
MYD88
MYOD1
JUN
KIT
MDM2
MTOR
BIRC6
CD79B
ITK
BRIP1
OLIG2
NTRK1
PIK3R1
PLCG1
TBX3
BMP5
JAZF1
PTPN6
TLX3
ROBO2
CCNC
CDK12
FLI1
PALB2
RBM15
RFWD3
SMARCA4
SMARCB1
SRC
FANCE
MED12
TERT
TP53
VAV1
TOP1
ERCC4
ERBB4
BTG1
YWHAE
UBR5
STAT3
DCC
DNM2
TNFRSF14
CTCF
CUL3
MLLT3
NPM1
REL
STK11
ACSL3
ACSL6
SGK1
CNOT3
POLE
CHD2
STRN
TAL2
TRIM33
IL7R
FLT3
KDM5C
CLTC
CDX2
ELL
PTPRC
CD274
CD28
NUP214
GOPC
RPL22
HMGA2
PPM1D
TCEA1
CDH10
PTPRB
KLF4
SETD2
CSF3R
MLLT11
CASP3
MLLT6
NFKBIE
PAX3
EXT2
